TN:
SF:/home/alan/Cloud/workspaces/HMCTS/rpa-jui-webapp/src/polyfills.ts
FNF:0
FNH:0
DA:46,1
DA:47,1
DA:73,1
LF:3
LH:3
BRF:0
BRH:0
end_of_record
TN:
SF:/home/alan/Cloud/workspaces/HMCTS/rpa-jui-webapp/src/test.ts
FNF:0
FNH:0
DA:3,1
DA:4,1
DA:5,1
DA:13,1
DA:18,1
DA:20,1
LF:6
LH:6
BRF:0
BRH:0
end_of_record
TN:
SF:/home/alan/Cloud/workspaces/HMCTS/rpa-jui-webapp/src/app/app.component.ts
FN:12,(anonymous_2)
FN:17,AppComponent
FN:27,(anonymous_4)
FN:33,(anonymous_5)
FNF:4
FNH:1
FNDA:1,(anonymous_2)
FNDA:0,AppComponent
FNDA:0,(anonymous_4)
FNDA:0,(anonymous_5)
DA:1,1
DA:2,1
DA:3,1
DA:4,1
DA:12,1
DA:13,0
DA:17,0
DA:27,1
DA:28,0
DA:33,1
DA:34,0
DA:35,0
DA:36,0
DA:41,0
DA:43,0
DA:44,0
DA:47,1
LF:17
LH:8
BRDA:28,0,0,0
BRDA:28,0,1,0
BRF:2
BRH:0
end_of_record
TN:
SF:/home/alan/Cloud/workspaces/HMCTS/rpa-jui-webapp/src/app/config.service.ts
FN:10,(anonymous_4)
FN:15,ConfigService
FN:25,(anonymous_6)
FNF:3
FNH:1
FNDA:1,(anonymous_4)
FNDA:0,ConfigService
FNDA:0,(anonymous_6)
DA:1,1
DA:2,1
DA:4,1
DA:5,1
DA:10,1
DA:11,0
DA:13,0
DA:15,0
DA:16,0
DA:17,0
DA:18,0
DA:19,0
DA:20,0
DA:21,0
DA:25,1
DA:26,0
DA:28,1
LF:17
LH:7
BRDA:17,0,0,0
BRDA:17,0,1,0
BRF:2
BRH:0
end_of_record
TN:
SF:/home/alan/Cloud/workspaces/HMCTS/rpa-jui-webapp/src/app/enviorment.mock.ts
FNF:0
FNH:0
DA:1,1
DA:2,1
LF:2
LH:2
BRF:0
BRH:0
end_of_record
TN:
SF:/home/alan/Cloud/workspaces/HMCTS/rpa-jui-webapp/src/app/auth/auth-guard.service.ts
FN:7,(anonymous_2)
FN:9,AuthGuardService
FN:12,(anonymous_4)
FNF:3
FNH:1
FNDA:1,(anonymous_2)
FNDA:0,AuthGuardService
FNDA:0,(anonymous_4)
DA:1,1
DA:2,1
DA:7,1
DA:9,0
DA:12,1
DA:13,0
DA:14,0
DA:15,0
DA:17,0
DA:19,1
LF:10
LH:5
BRDA:13,0,0,0
BRDA:13,0,1,0
BRF:2
BRH:0
end_of_record
TN:
SF:/home/alan/Cloud/workspaces/HMCTS/rpa-jui-webapp/src/app/auth/auth.service.ts
FN:10,(anonymous_2)
FN:13,AuthService
FN:26,(anonymous_4)
FN:35,(anonymous_5)
FN:48,(anonymous_6)
FN:52,(anonymous_7)
FN:56,(anonymous_8)
FNF:7
FNH:5
FNDA:1,(anonymous_2)
FNDA:5,AuthService
FNDA:1,(anonymous_4)
FNDA:1,(anonymous_5)
FNDA:0,(anonymous_6)
FNDA:0,(anonymous_7)
FNDA:2,(anonymous_8)
DA:1,1
DA:2,1
DA:3,1
DA:4,1
DA:5,1
DA:10,1
DA:14,5
DA:15,5
DA:16,5
DA:19,5
DA:20,5
DA:26,1
DA:27,1
DA:28,1
DA:29,1
DA:32,1
DA:35,1
DA:45,1
DA:48,1
DA:49,0
DA:52,1
DA:53,0
DA:56,1
DA:57,2
DA:58,2
DA:59,0
DA:61,2
DA:62,2
DA:64,2
DA:66,1
LF:30
LH:27
BRDA:58,0,0,0
BRDA:58,0,1,2
BRF:2
BRH:1
end_of_record
TN:
SF:/home/alan/Cloud/workspaces/HMCTS/rpa-jui-webapp/src/app/domain/domain.module.ts
FN:60,(anonymous_1)
FNF:1
FNH:1
FNDA:61,(anonymous_1)
DA:1,1
DA:2,1
DA:3,1
DA:4,1
DA:5,1
DA:6,1
DA:7,1
DA:8,1
DA:9,1
DA:10,1
DA:11,1
DA:12,1
DA:13,1
DA:14,1
DA:15,1
DA:16,1
DA:17,1
DA:19,1
DA:20,1
DA:21,1
DA:60,1
DA:61,1
LF:22
LH:22
BRF:0
BRH:0
end_of_record
TN:
SF:/home/alan/Cloud/workspaces/HMCTS/rpa-jui-webapp/src/app/domain/case-viewer/case-viewer.module.ts
FN:41,(anonymous_1)
FNF:1
FNH:1
FNDA:83,(anonymous_1)
DA:1,1
DA:2,1
DA:3,1
DA:4,1
DA:5,1
DA:6,1
DA:7,1
DA:8,1
DA:9,1
DA:10,1
DA:11,1
DA:12,1
DA:13,1
DA:14,1
DA:41,1
DA:42,1
LF:16
LH:16
BRF:0
BRH:0
end_of_record
TN:
SF:/home/alan/Cloud/workspaces/HMCTS/rpa-jui-webapp/src/app/domain/case-viewer/components/case-viewer/case-viewer.component.ts
FN:12,(anonymous_2)
FN:18,CaseViewerComponent
FN:20,(anonymous_4)
FN:22,(anonymous_5)
FNF:4
FNH:3
FNDA:1,(anonymous_2)
FNDA:2,CaseViewerComponent
FNDA:1,(anonymous_4)
FNDA:0,(anonymous_5)
DA:1,1
DA:12,1
DA:13,1
DA:14,1
DA:20,1
DA:21,1
DA:22,0
DA:23,0
DA:27,1
LF:9
LH:7
BRDA:21,0,0,0
BRDA:21,0,1,1
BRF:2
BRH:1
end_of_record
TN:
SF:/home/alan/Cloud/workspaces/HMCTS/rpa-jui-webapp/src/app/domain/case-viewer/components/document-panel/document-panel.component.ts
FN:10,(anonymous_2)
FN:19,DocumentPanelComponent
FN:25,(anonymous_4)
FN:29,(anonymous_5)
FN:34,(anonymous_6)
FN:36,(anonymous_7)
FN:46,(anonymous_8)
FN:51,(anonymous_9)
FN:52,(anonymous_10)
FN:53,(anonymous_11)
FN:54,(anonymous_12)
FN:58,(anonymous_13)
FN:64,(anonymous_14)
FN:70,(anonymous_15)
FNF:14
FNH:1
FNDA:1,(anonymous_2)
FNDA:0,DocumentPanelComponent
FNDA:0,(anonymous_4)
FNDA:0,(anonymous_5)
FNDA:0,(anonymous_6)
FNDA:0,(anonymous_7)
FNDA:0,(anonymous_8)
FNDA:0,(anonymous_9)
FNDA:0,(anonymous_10)
FNDA:0,(anonymous_11)
FNDA:0,(anonymous_12)
FNDA:0,(anonymous_13)
FNDA:0,(anonymous_14)
FNDA:0,(anonymous_15)
DA:1,1
DA:2,1
DA:3,1
DA:10,1
DA:12,1
DA:13,1
DA:15,0
DA:19,0
DA:20,0
DA:21,0
DA:22,0
DA:25,1
DA:26,0
DA:28,0
DA:29,0
DA:30,0
DA:34,0
DA:35,0
DA:36,0
DA:38,0
DA:46,1
DA:47,0
DA:49,0
DA:50,0
DA:51,0
DA:52,0
DA:53,0
DA:54,0
DA:57,0
DA:59,0
DA:60,0
DA:61,0
DA:64,0
DA:65,0
DA:66,0
DA:67,0
DA:70,0
DA:71,0
DA:78,0
DA:81,1
LF:40
LH:9
BRDA:28,0,0,0
BRDA:28,0,1,0
BRDA:35,1,0,0
BRDA:35,1,1,0
BRDA:49,2,0,0
BRDA:49,2,1,0
BRDA:52,3,0,0
BRDA:52,3,1,0
BRF:8
BRH:0
end_of_record
TN:
SF:/home/alan/Cloud/workspaces/HMCTS/rpa-jui-webapp/src/app/domain/case-viewer/components/parties-panel/parties-panel.component.ts
FN:9,(anonymous_2)
FNF:1
FNH:1
FNDA:2,(anonymous_2)
DA:1,1
DA:9,1
DA:10,1
DA:11,1
LF:4
LH:4
BRF:0
BRH:0
end_of_record
TN:
SF:/home/alan/Cloud/workspaces/HMCTS/rpa-jui-webapp/src/app/domain/case-viewer/components/parties-panel/mock/parties-panel.mock.ts
FNF:0
FNH:0
DA:2,1
LF:1
LH:1
BRF:0
BRH:0
end_of_record
TN:
SF:/home/alan/Cloud/workspaces/HMCTS/rpa-jui-webapp/src/app/domain/case-viewer/components/questions-panel/questions-panel.component.ts
FN:10,(anonymous_2)
FN:18,QuestionsPanelComponent
FN:20,(anonymous_4)
FN:21,(anonymous_5)
FNF:4
FNH:4
FNDA:1,(anonymous_2)
FNDA:22,QuestionsPanelComponent
FNDA:21,(anonymous_4)
FNDA:21,(anonymous_5)
DA:1,1
DA:2,1
DA:10,1
DA:11,1
DA:16,22
DA:17,22
DA:18,22
DA:20,21
DA:21,21
DA:22,21
DA:23,21
DA:24,21
DA:25,21
DA:28,1
LF:14
LH:14
BRF:0
BRH:0
end_of_record
TN:
SF:/home/alan/Cloud/workspaces/HMCTS/rpa-jui-webapp/src/app/domain/case-viewer/components/questions-panel/mock/mock-questions.mock.ts
FNF:0
FNH:0
DA:4,1
DA:37,1
DA:46,1
DA:78,1
DA:110,1
DA:120,1
DA:151,1
LF:7
LH:7
BRF:0
BRH:0
end_of_record
TN:
SF:/home/alan/Cloud/workspaces/HMCTS/rpa-jui-webapp/src/app/domain/case-viewer/components/summary-panel/summary-panel.component.ts
FN:10,(anonymous_2)
FN:5,SummaryPanelComponent
FNF:2
FNH:2
FNDA:1,(anonymous_2)
FNDA:1,SummaryPanelComponent
DA:1,1
DA:10,1
DA:11,1
DA:12,1
DA:13,1
DA:14,1
LF:6
LH:6
BRF:0
BRH:0
end_of_record
TN:
SF:/home/alan/Cloud/workspaces/HMCTS/rpa-jui-webapp/src/app/domain/case-viewer/components/summary-panel/mock/summary-panel.mock.ts
FNF:0
FNH:0
DA:3,1
LF:1
LH:1
BRF:0
BRH:0
end_of_record
TN:
SF:/home/alan/Cloud/workspaces/HMCTS/rpa-jui-webapp/src/app/domain/case-viewer/components/timeline-panel/timeline-panel.component.ts
FN:8,(anonymous_2)
FNF:1
FNH:1
FNDA:1,(anonymous_2)
DA:1,1
DA:8,1
DA:9,1
DA:10,1
LF:4
LH:4
BRF:0
BRH:0
end_of_record
TN:
SF:/home/alan/Cloud/workspaces/HMCTS/rpa-jui-webapp/src/app/domain/components/casebar/casebar.component.ts
FN:10,(anonymous_2)
FN:14,CaseBarComponent
FNF:2
FNH:2
FNDA:1,(anonymous_2)
FNDA:2,CaseBarComponent
DA:1,1
DA:2,1
DA:10,1
DA:12,1
DA:16,1
LF:5
LH:5
BRF:0
BRH:0
end_of_record
TN:
SF:/home/alan/Cloud/workspaces/HMCTS/rpa-jui-webapp/src/app/domain/components/header/header.component.ts
FN:8,(anonymous_2)
FN:12,HeaderComponent
FNF:2
FNH:2
FNDA:1,(anonymous_2)
FNDA:1,HeaderComponent
DA:1,1
DA:2,1
DA:8,1
DA:12,1
DA:13,1
DA:15,1
LF:6
LH:6
BRF:0
BRH:0
end_of_record
TN:
SF:/home/alan/Cloud/workspaces/HMCTS/rpa-jui-webapp/src/app/domain/components/questions/check/check.component.ts
FN:14,(anonymous_2)
FN:22,CheckQuestionsComponent
FN:27,(anonymous_4)
FN:28,(anonymous_5)
FN:33,(anonymous_6)
FN:37,(anonymous_7)
FN:38,(anonymous_8)
FN:38,(anonymous_9)
FN:44,(anonymous_10)
FN:45,(anonymous_11)
FN:47,(anonymous_12)
FNF:11
FNH:8
FNDA:1,(anonymous_2)
FNDA:2,CheckQuestionsComponent
FNDA:2,(anonymous_4)
FNDA:2,(anonymous_5)
FNDA:2,(anonymous_6)
FNDA:1,(anonymous_7)
FNDA:1,(anonymous_8)
FNDA:2,(anonymous_9)
FNDA:0,(anonymous_10)
FNDA:0,(anonymous_11)
FNDA:0,(anonymous_12)
DA:1,1
DA:2,1
DA:3,1
DA:4,1
DA:5,1
DA:6,1
DA:14,1
DA:22,2
DA:23,2
DA:24,2
DA:27,2
DA:28,2
DA:29,2
DA:30,2
DA:31,2
DA:33,2
DA:34,2
DA:35,2
DA:37,1
DA:38,2
DA:44,1
DA:45,0
DA:46,0
DA:48,0
DA:51,1
LF:25
LH:22
BRDA:38,0,0,1
BRDA:38,0,1,0
BRF:2
BRH:1
end_of_record
TN:
SF:/home/alan/Cloud/workspaces/HMCTS/rpa-jui-webapp/src/app/domain/components/questions/create/create.component.ts
FN:12,(anonymous_2)
FN:30,CreateQuestionsComponent
FN:38,(anonymous_4)
FN:46,(anonymous_5)
FN:48,(anonymous_6)
FN:53,(anonymous_7)
FN:59,(anonymous_8)
FN:71,(anonymous_9)
FN:73,(anonymous_10)
FNF:9
FNH:7
FNDA:1,(anonymous_2)
FNDA:11,CreateQuestionsComponent
FNDA:11,(anonymous_4)
FNDA:11,(anonymous_5)
FNDA:11,(anonymous_6)
FNDA:11,(anonymous_7)
FNDA:3,(anonymous_8)
FNDA:0,(anonymous_9)
FNDA:0,(anonymous_10)
DA:1,1
DA:2,1
DA:3,1
DA:4,1
DA:5,1
DA:12,1
DA:18,11
DA:19,11
DA:23,11
DA:30,11
DA:31,11
DA:32,11
DA:33,11
DA:34,11
DA:38,1
DA:39,11
DA:46,11
DA:47,11
DA:48,11
DA:49,11
DA:50,11
DA:51,11
DA:53,11
DA:54,11
DA:56,11
DA:59,3
DA:61,3
DA:62,0
DA:64,3
DA:65,0
DA:67,3
DA:69,3
DA:70,0
DA:72,0
DA:73,0
DA:75,3
DA:76,3
DA:79,1
LF:38
LH:33
BRDA:61,0,0,0
BRDA:61,0,1,3
BRDA:64,1,0,0
BRDA:64,1,1,3
BRDA:69,2,0,0
BRDA:69,2,1,3
BRF:6
BRH:3
end_of_record
TN:
SF:/home/alan/Cloud/workspaces/HMCTS/rpa-jui-webapp/src/app/domain/components/questions/delete/delete.component.ts
FN:11,(anonymous_2)
FN:17,DeleteQuestionComponent
FN:20,(anonymous_4)
FN:21,(anonymous_5)
FN:26,(anonymous_6)
FN:31,(anonymous_7)
FN:32,(anonymous_8)
FN:34,(anonymous_9)
FNF:8
FNH:5
FNDA:1,(anonymous_2)
FNDA:3,DeleteQuestionComponent
FNDA:3,(anonymous_4)
FNDA:3,(anonymous_5)
FNDA:3,(anonymous_6)
FNDA:0,(anonymous_7)
FNDA:0,(anonymous_8)
FNDA:0,(anonymous_9)
DA:1,1
DA:2,1
DA:3,1
DA:4,1
DA:11,1
DA:17,3
DA:20,3
DA:21,3
DA:22,3
DA:23,3
DA:24,3
DA:26,3
DA:27,3
DA:31,1
DA:32,0
DA:33,0
DA:34,0
DA:36,1
LF:18
LH:15
BRF:0
BRH:0
end_of_record
TN:
SF:/home/alan/Cloud/workspaces/HMCTS/rpa-jui-webapp/src/app/domain/components/questions/edit/edit.component.ts
FN:12,(anonymous_4)
FN:25,EditQuestionComponent
FN:32,(anonymous_6)
FN:39,(anonymous_7)
FN:40,(anonymous_8)
FN:46,(anonymous_9)
FN:50,(anonymous_10)
FN:59,(anonymous_11)
FN:65,(anonymous_12)
FN:72,(anonymous_13)
FN:74,(anonymous_14)
FNF:11
FNH:8
FNDA:1,(anonymous_4)
FNDA:7,EditQuestionComponent
FNDA:7,(anonymous_6)
FNDA:7,(anonymous_7)
FNDA:7,(anonymous_8)
FNDA:7,(anonymous_9)
FNDA:7,(anonymous_10)
FNDA:7,(anonymous_11)
FNDA:0,(anonymous_12)
FNDA:0,(anonymous_13)
FNDA:0,(anonymous_14)
DA:1,1
DA:2,1
DA:3,1
DA:4,1
DA:5,1
DA:12,1
DA:13,7
DA:22,7
DA:26,7
DA:27,7
DA:28,7
DA:29,7
DA:32,1
DA:33,7
DA:39,7
DA:40,7
DA:41,7
DA:42,7
DA:43,7
DA:46,7
DA:47,7
DA:50,7
DA:51,7
DA:52,7
DA:53,7
DA:57,7
DA:60,7
DA:61,7
DA:65,1
DA:66,0
DA:67,0
DA:71,0
DA:73,0
DA:74,0
DA:76,0
DA:78,1
LF:36
LH:30
BRDA:52,0,0,7
BRDA:52,0,1,0
BRDA:66,1,0,0
BRDA:66,1,1,0
BRF:4
BRH:1
end_of_record
TN:
SF:/home/alan/Cloud/workspaces/HMCTS/rpa-jui-webapp/src/app/domain/components/questions/view/view.component.ts
FN:10,(anonymous_2)
FN:17,ViewQuestionComponent
FN:18,(anonymous_4)
FN:24,(anonymous_5)
FN:29,(anonymous_6)
FN:32,(anonymous_7)
FNF:6
FNH:6
FNDA:1,(anonymous_2)
FNDA:10,ViewQuestionComponent
FNDA:10,(anonymous_4)
FNDA:10,(anonymous_5)
FNDA:10,(anonymous_6)
FNDA:10,(anonymous_7)
DA:1,1
DA:2,1
DA:3,1
DA:10,1
DA:17,10
DA:18,10
DA:19,10
DA:20,10
DA:21,10
DA:24,10
DA:25,10
DA:29,10
DA:30,10
DA:32,10
DA:34,1
LF:15
LH:15
BRF:0
BRH:0
end_of_record
TN:
SF:/home/alan/Cloud/workspaces/HMCTS/rpa-jui-webapp/src/app/domain/components/search-result/search-result.component.ts
FN:11,(anonymous_2)
FN:16,SearchResultComponent
FN:19,(anonymous_4)
FN:23,(anonymous_5)
FNF:4
FNH:3
FNDA:1,(anonymous_2)
FNDA:6,SearchResultComponent
FNDA:6,(anonymous_4)
FNDA:0,(anonymous_5)
DA:1,1
DA:2,1
DA:3,1
DA:4,1
DA:11,1
DA:16,6
DA:19,1
DA:20,6
DA:23,1
DA:32,1
LF:10
LH:10
BRF:0
BRH:0
end_of_record
TN:
SF:/home/alan/Cloud/workspaces/HMCTS/rpa-jui-webapp/src/app/domain/services/case.service.ts
FN:10,(anonymous_2)
FN:12,CaseService
FN:17,(anonymous_4)
FN:24,(anonymous_5)
FN:30,(anonymous_6)
FN:39,(anonymous_7)
FN:43,(anonymous_8)
FN:50,(anonymous_9)
FN:59,(anonymous_10)
FN:63,(anonymous_11)
FNF:10
FNH:7
FNDA:1,(anonymous_2)
FNDA:9,CaseService
FNDA:1,(anonymous_4)
FNDA:1,(anonymous_5)
FNDA:7,(anonymous_6)
FNDA:3,(anonymous_7)
FNDA:2,(anonymous_8)
FNDA:0,(anonymous_9)
FNDA:0,(anonymous_10)
FNDA:0,(anonymous_11)
DA:1,1
DA:2,1
DA:3,1
DA:4,1
DA:5,1
DA:6,1
DA:7,1
DA:10,1
DA:12,9
DA:13,9
DA:14,9
DA:17,1
DA:18,1
DA:19,1
DA:20,1
DA:21,1
DA:22,0
DA:24,1
DA:25,1
DA:26,1
DA:30,7
DA:31,7
DA:32,7
DA:33,7
DA:34,7
DA:35,1
DA:37,6
DA:40,3
DA:41,3
DA:44,2
DA:45,2
DA:46,2
DA:50,1
DA:51,0
DA:52,0
DA:53,0
DA:54,0
DA:55,0
DA:57,0
DA:60,0
DA:61,0
DA:64,0
DA:65,0
DA:66,0
DA:69,1
LF:45
LH:33
BRDA:21,0,0,0
BRDA:21,0,1,1
BRDA:34,1,0,1
BRDA:34,1,1,6
BRDA:54,2,0,0
BRDA:54,2,1,0
BRF:6
BRH:3
end_of_record
TN:
SF:/home/alan/Cloud/workspaces/HMCTS/rpa-jui-webapp/src/app/domain/services/decision.service.ts
FN:11,(anonymous_2)
FN:12,DecisionService
FN:17,(anonymous_4)
FN:21,(anonymous_5)
FN:26,(anonymous_6)
FN:32,(anonymous_7)
FN:44,(anonymous_8)
FN:57,(anonymous_9)
FN:60,(anonymous_10)
FN:61,(anonymous_11)
FN:62,(anonymous_12)
FN:69,(anonymous_13)
FNF:12
FNH:2
FNDA:1,(anonymous_2)
FNDA:8,DecisionService
FNDA:0,(anonymous_4)
FNDA:0,(anonymous_5)
FNDA:0,(anonymous_6)
FNDA:0,(anonymous_7)
FNDA:0,(anonymous_8)
FNDA:0,(anonymous_9)
FNDA:0,(anonymous_10)
FNDA:0,(anonymous_11)
FNDA:0,(anonymous_12)
FNDA:0,(anonymous_13)
DA:1,1
DA:3,1
DA:4,1
DA:5,1
DA:11,1
DA:13,8
DA:14,8
DA:17,1
DA:18,0
DA:21,1
DA:22,0
DA:23,0
DA:26,1
DA:27,0
DA:28,0
DA:29,0
DA:32,1
DA:33,0
DA:34,0
DA:41,0
DA:44,1
DA:45,0
DA:47,0
DA:54,0
DA:57,1
DA:58,0
DA:59,0
DA:60,0
DA:61,0
DA:62,0
DA:64,0
DA:66,0
DA:69,1
DA:70,0
DA:71,0
DA:74,1
LF:36
LH:15
BRDA:71,0,0,0
BRDA:71,0,1,0
BRF:2
BRH:0
end_of_record
TN:
SF:/home/alan/Cloud/workspaces/HMCTS/rpa-jui-webapp/src/app/domain/services/hearing.service.ts
FN:9,(anonymous_2)
FN:13,HearingService
FN:15,(anonymous_4)
FN:19,(anonymous_5)
FN:23,(anonymous_6)
FNF:5
FNH:2
FNDA:1,(anonymous_2)
FNDA:3,HearingService
FNDA:0,(anonymous_4)
FNDA:0,(anonymous_5)
FNDA:0,(anonymous_6)
DA:1,1
DA:2,1
DA:3,1
DA:4,1
DA:9,1
DA:10,3
DA:11,3
DA:13,3
DA:15,1
DA:16,0
DA:19,1
DA:20,0
DA:23,1
DA:24,0
DA:26,0
DA:31,0
DA:33,1
LF:17
LH:12
BRF:0
BRH:0
end_of_record
TN:
SF:/home/alan/Cloud/workspaces/HMCTS/rpa-jui-webapp/src/app/domain/services/question.service.ts
FN:10,(anonymous_2)
FN:11,QuestionService
FN:14,(anonymous_4)
FN:21,(anonymous_5)
FN:27,(anonymous_6)
FN:32,(anonymous_7)
FN:37,(anonymous_8)
FN:42,(anonymous_9)
FN:47,(anonymous_10)
FN:52,(anonymous_11)
FN:57,(anonymous_12)
FNF:11
FNH:6
FNDA:1,(anonymous_2)
FNDA:33,QuestionService
FNDA:17,(anonymous_4)
FNDA:17,(anonymous_5)
FNDA:17,(anonymous_6)
FNDA:0,(anonymous_7)
FNDA:0,(anonymous_8)
FNDA:0,(anonymous_9)
FNDA:0,(anonymous_10)
FNDA:0,(anonymous_11)
FNDA:2,(anonymous_12)
DA:1,1
DA:2,1
DA:3,1
DA:4,1
DA:5,1
DA:6,1
DA:7,1
DA:10,1
DA:11,33
DA:14,17
DA:15,17
DA:16,17
DA:18,17
DA:20,17
DA:22,17
DA:23,17
DA:27,1
DA:28,17
DA:29,17
DA:32,1
DA:33,0
DA:34,0
DA:37,1
DA:38,0
DA:39,0
DA:42,1
DA:43,0
DA:44,0
DA:47,1
DA:48,0
DA:49,0
DA:52,1
DA:53,0
DA:54,0
DA:57,1
DA:58,2
DA:59,2
DA:61,1
LF:38
LH:28
BRDA:18,0,0,0
BRDA:18,0,1,17
BRF:2
BRH:1
end_of_record
TN:
SF:/home/alan/Cloud/workspaces/HMCTS/rpa-jui-webapp/src/app/forms/forms.module.ts
FN:31,(anonymous_1)
FN:32,(anonymous_3)
FNF:2
FNH:1
FNDA:62,(anonymous_1)
FNDA:0,(anonymous_3)
DA:1,1
DA:2,1
DA:3,1
DA:4,1
DA:5,1
DA:6,1
DA:8,1
DA:9,1
DA:10,1
DA:31,1
DA:32,1
DA:33,0
DA:40,1
LF:13
LH:12
BRDA:32,0,0,0
BRDA:32,0,1,0
BRF:2
BRH:0
end_of_record
TN:
SF:/home/alan/Cloud/workspaces/HMCTS/rpa-jui-webapp/src/app/forms/components/form/form.component.ts
FN:11,(anonymous_2)
FN:22,FormComponent
FN:18,(anonymous_4)
FN:26,(anonymous_5)
FN:31,(anonymous_6)
FN:35,(anonymous_7)
FN:39,(anonymous_8)
FN:46,(anonymous_9)
FNF:8
FNH:4
FNDA:1,(anonymous_2)
FNDA:26,FormComponent
FNDA:0,(anonymous_4)
FNDA:26,(anonymous_5)
FNDA:0,(anonymous_6)
FNDA:26,(anonymous_7)
FNDA:0,(anonymous_8)
FNDA:0,(anonymous_9)
DA:1,1
DA:2,1
DA:3,1
DA:4,1
DA:11,1
DA:13,1
DA:14,1
DA:18,2
DA:19,0
DA:22,26
DA:26,1
DA:27,26
DA:28,26
DA:31,1
DA:32,0
DA:35,26
DA:36,26
DA:37,26
DA:38,0
DA:39,0
DA:40,0
DA:42,0
DA:46,1
DA:47,0
DA:48,0
DA:51,1
LF:26
LH:18
BRDA:37,0,0,0
BRDA:37,0,1,26
BRDA:47,1,0,0
BRDA:47,1,1,0
BRDA:47,2,0,0
BRDA:47,2,1,0
BRF:6
BRH:1
end_of_record
TN:
SF:/home/alan/Cloud/workspaces/HMCTS/rpa-jui-webapp/src/app/forms/components/radio-buttons/radio-buttons.component.ts
FN:10,(anonymous_2)
FN:21,RadioButtonsComponent
FNF:2
FNH:2
FNDA:1,(anonymous_2)
FNDA:9,RadioButtonsComponent
DA:1,1
DA:3,1
DA:10,1
DA:12,1
DA:13,1
DA:14,1
DA:15,1
DA:16,1
DA:17,1
DA:18,1
DA:19,1
DA:22,1
LF:12
LH:12
BRF:0
BRH:0
end_of_record
TN:
SF:/home/alan/Cloud/workspaces/HMCTS/rpa-jui-webapp/src/app/forms/components/text/text.component.ts
FN:8,(anonymous_2)
FN:19,TextComponent
FNF:2
FNH:2
FNDA:1,(anonymous_2)
FNDA:12,TextComponent
DA:1,1
DA:8,1
DA:10,1
DA:11,1
DA:12,1
DA:13,1
DA:14,1
DA:15,1
DA:16,13
DA:17,1
DA:21,1
LF:11
LH:11
BRF:0
BRH:0
end_of_record
TN:
SF:/home/alan/Cloud/workspaces/HMCTS/rpa-jui-webapp/src/app/forms/components/textarea/textarea.component.ts
FN:8,(anonymous_2)
FN:19,TextareaComponent
FNF:2
FNH:2
FNDA:1,(anonymous_2)
FNDA:23,TextareaComponent
DA:1,1
DA:8,1
DA:10,1
DA:11,1
DA:12,1
DA:13,1
DA:14,1
DA:15,1
DA:16,24
DA:17,1
DA:20,1
LF:11
LH:11
BRF:0
BRH:0
end_of_record
TN:
SF:/home/alan/Cloud/workspaces/HMCTS/rpa-jui-webapp/src/app/forms/services/form.service.ts
FN:7,(anonymous_2)
FN:9,FormService
FN:12,(anonymous_4)
FNF:3
FNH:3
FNDA:1,(anonymous_2)
FNDA:26,FormService
FNDA:26,(anonymous_4)
DA:1,1
DA:7,1
DA:12,1
DA:13,26
DA:17,1
LF:5
LH:5
BRF:0
BRH:0
end_of_record
TN:
SF:/home/alan/Cloud/workspaces/HMCTS/rpa-jui-webapp/src/app/govuk/govuk.module.ts
FN:83,(anonymous_1)
FNF:1
FNH:1
FNDA:92,(anonymous_1)
DA:1,1
DA:2,1
DA:3,1
DA:4,1
DA:5,1
DA:6,1
DA:7,1
DA:8,1
DA:9,1
DA:10,1
DA:11,1
DA:12,1
DA:13,1
DA:14,1
DA:15,1
DA:16,1
DA:17,1
DA:18,1
DA:19,1
DA:20,1
DA:21,1
DA:22,1
DA:23,1
DA:24,1
DA:25,1
DA:83,1
LF:26
LH:26
BRF:0
BRH:0
end_of_record
TN:
SF:/home/alan/Cloud/workspaces/HMCTS/rpa-jui-webapp/src/app/govuk/components/govuk-back-link/govuk-back-link.component.ts
FN:9,(anonymous_2)
FN:14,GovukBackLinkComponent
FNF:2
FNH:2
FNDA:1,(anonymous_2)
FNDA:43,GovukBackLinkComponent
DA:1,1
DA:9,1
DA:11,44
DA:12,44
DA:22,1
LF:5
LH:5
BRF:0
BRH:0
end_of_record
TN:
SF:/home/alan/Cloud/workspaces/HMCTS/rpa-jui-webapp/src/app/govuk/components/govuk-breadcrumbs/govuk-breadcrumbs.component.ts
FN:8,(anonymous_2)
FN:28,GovukBreadcrumbsComponent
FNF:2
FNH:2
FNDA:1,(anonymous_2)
FNDA:1,GovukBreadcrumbsComponent
DA:1,1
DA:8,1
DA:10,2
DA:30,1
LF:4
LH:4
BRF:0
BRH:0
end_of_record
TN:
SF:/home/alan/Cloud/workspaces/HMCTS/rpa-jui-webapp/src/app/govuk/components/govuk-button/govuk-button.component.ts
FN:8,(anonymous_2)
FN:12,GovukButtonComponent
FNF:2
FNH:2
FNDA:1,(anonymous_2)
FNDA:1,GovukButtonComponent
DA:1,1
DA:8,1
DA:10,2
DA:14,1
LF:4
LH:4
BRF:0
BRH:0
end_of_record
TN:
SF:/home/alan/Cloud/workspaces/HMCTS/rpa-jui-webapp/src/app/govuk/components/govuk-checkboxes/govuk-checkboxes.component.ts
FN:8,(anonymous_2)
FN:37,GovukCheckboxesComponent
FNF:2
FNH:2
FNDA:1,(anonymous_2)
FNDA:1,GovukCheckboxesComponent
DA:1,1
DA:8,1
DA:10,2
DA:11,2
DA:12,2
DA:19,2
DA:22,2
DA:39,1
LF:8
LH:8
BRF:0
BRH:0
end_of_record
TN:
SF:/home/alan/Cloud/workspaces/HMCTS/rpa-jui-webapp/src/app/govuk/components/govuk-date-input/govuk-date-input.component.ts
FN:8,(anonymous_2)
FN:35,GovukDateInputComponent
FNF:2
FNH:2
FNDA:1,(anonymous_2)
FNDA:1,GovukDateInputComponent
DA:1,1
DA:8,1
DA:11,2
DA:12,2
DA:13,2
DA:20,2
DA:23,2
DA:37,1
LF:8
LH:8
BRF:0
BRH:0
end_of_record
TN:
SF:/home/alan/Cloud/workspaces/HMCTS/rpa-jui-webapp/src/app/govuk/components/govuk-details/govuk-details.component.ts
FN:8,(anonymous_2)
FN:15,GovukDetailsComponent
FNF:2
FNH:2
FNDA:1,(anonymous_2)
FNDA:1,GovukDetailsComponent
DA:1,1
DA:8,1
DA:10,2
DA:11,2
DA:18,1
LF:5
LH:5
BRF:0
BRH:0
end_of_record
TN:
SF:/home/alan/Cloud/workspaces/HMCTS/rpa-jui-webapp/src/app/govuk/components/govuk-error-summary/govuk-error-summary.component.ts
FN:8,(anonymous_2)
FN:22,GovukErrorSummaryComponent
FNF:2
FNH:2
FNDA:1,(anonymous_2)
FNDA:1,GovukErrorSummaryComponent
DA:1,1
DA:8,1
DA:10,2
DA:11,2
DA:24,1
LF:5
LH:5
BRF:0
BRH:0
end_of_record
TN:
SF:/home/alan/Cloud/workspaces/HMCTS/rpa-jui-webapp/src/app/govuk/components/govuk-fieldset/govuk-fieldset.component.ts
FN:8,(anonymous_2)
FN:16,GovukFieldsetComponent
FNF:2
FNH:2
FNDA:1,(anonymous_2)
FNDA:1,GovukFieldsetComponent
DA:1,1
DA:8,1
DA:10,2
DA:18,1
LF:4
LH:4
BRF:0
BRH:0
end_of_record
TN:
SF:/home/alan/Cloud/workspaces/HMCTS/rpa-jui-webapp/src/app/govuk/components/govuk-file-upload/govuk-file-upload.component.ts
FN:8,(anonymous_2)
FN:16,GovukFileUploadComponent
FNF:2
FNH:2
FNDA:1,(anonymous_2)
FNDA:1,GovukFileUploadComponent
DA:1,1
DA:8,1
DA:10,2
DA:11,2
DA:12,2
DA:18,1
LF:6
LH:6
BRF:0
BRH:0
end_of_record
TN:
SF:/home/alan/Cloud/workspaces/HMCTS/rpa-jui-webapp/src/app/govuk/components/govuk-footer/govuk-footer.component.ts
FN:8,(anonymous_2)
FN:10,GovukFooterComponent
FNF:2
FNH:2
FNDA:1,(anonymous_2)
FNDA:1,GovukFooterComponent
DA:1,1
DA:8,1
DA:12,1
LF:3
LH:3
BRF:0
BRH:0
end_of_record
TN:
SF:/home/alan/Cloud/workspaces/HMCTS/rpa-jui-webapp/src/app/govuk/components/govuk-header/govuk-header.component.ts
FN:8,(anonymous_2)
FN:12,GovukHeaderComponent
FNF:2
FNH:2
FNDA:1,(anonymous_2)
FNDA:1,GovukHeaderComponent
DA:1,1
DA:8,1
DA:10,2
DA:14,1
LF:4
LH:4
BRF:0
BRH:0
end_of_record
TN:
SF:/home/alan/Cloud/workspaces/HMCTS/rpa-jui-webapp/src/app/govuk/components/govuk-input/govuk-input.component.ts
FN:8,(anonymous_2)
FN:19,GovukInputComponent
FNF:2
FNH:2
FNDA:1,(anonymous_2)
FNDA:1,GovukInputComponent
DA:1,1
DA:8,1
DA:10,2
DA:11,2
DA:12,2
DA:15,2
DA:21,1
LF:7
LH:7
BRF:0
BRH:0
end_of_record
TN:
SF:/home/alan/Cloud/workspaces/HMCTS/rpa-jui-webapp/src/app/govuk/components/govuk-inset-text/govuk-inset-text.component.ts
FN:8,(anonymous_2)
FN:12,GovukInsetTextComponent
FNF:2
FNH:2
FNDA:1,(anonymous_2)
FNDA:1,GovukInsetTextComponent
DA:1,1
DA:8,1
DA:10,2
DA:14,1
LF:4
LH:4
BRF:0
BRH:0
end_of_record
TN:
SF:/home/alan/Cloud/workspaces/HMCTS/rpa-jui-webapp/src/app/govuk/components/govuk-panel/govuk-panel.component.ts
FN:8,(anonymous_2)
FN:14,GovukPanelComponent
FNF:2
FNH:2
FNDA:1,(anonymous_2)
FNDA:1,GovukPanelComponent
DA:1,1
DA:8,1
DA:10,2
DA:11,2
DA:12,2
DA:16,1
LF:6
LH:6
BRF:0
BRH:0
end_of_record
TN:
SF:/home/alan/Cloud/workspaces/HMCTS/rpa-jui-webapp/src/app/govuk/components/govuk-phase-banner/govuk-phase-banner.component.ts
FN:8,(anonymous_2)
FN:15,GovukPhaseBannerComponent
FNF:2
FNH:2
FNDA:1,(anonymous_2)
FNDA:1,GovukPhaseBannerComponent
DA:1,1
DA:8,1
DA:10,2
DA:13,2
DA:17,1
LF:5
LH:5
BRF:0
BRH:0
end_of_record
TN:
SF:/home/alan/Cloud/workspaces/HMCTS/rpa-jui-webapp/src/app/govuk/components/govuk-radios/govuk-radios.component.ts
FN:8,(anonymous_2)
FN:34,GovukRadiosComponent
FNF:2
FNH:2
FNDA:1,(anonymous_2)
FNDA:1,GovukRadiosComponent
DA:1,1
DA:8,1
DA:10,2
DA:11,2
DA:12,2
DA:13,2
DA:20,2
DA:23,2
DA:36,1
LF:9
LH:9
BRF:0
BRH:0
end_of_record
TN:
SF:/home/alan/Cloud/workspaces/HMCTS/rpa-jui-webapp/src/app/govuk/components/govuk-select/govuk-select.component.ts
FN:8,(anonymous_2)
FN:35,GovukSelectComponent
FNF:2
FNH:2
FNDA:1,(anonymous_2)
FNDA:1,GovukSelectComponent
DA:1,1
DA:8,1
DA:10,2
DA:11,2
DA:12,2
DA:15,2
DA:37,1
LF:7
LH:7
BRF:0
BRH:0
end_of_record
TN:
SF:/home/alan/Cloud/workspaces/HMCTS/rpa-jui-webapp/src/app/govuk/components/govuk-skip-link/govuk-skip-link.component.ts
FN:8,(anonymous_2)
FN:13,GovukSkipLinkComponent
FNF:2
FNH:2
FNDA:1,(anonymous_2)
FNDA:1,GovukSkipLinkComponent
DA:1,1
DA:8,1
DA:10,2
DA:11,2
DA:15,1
LF:5
LH:5
BRF:0
BRH:0
end_of_record
TN:
SF:/home/alan/Cloud/workspaces/HMCTS/rpa-jui-webapp/src/app/govuk/components/govuk-table/govuk-table.component.ts
FN:8,(anonymous_2)
FN:34,GovukTableComponent
FNF:2
FNH:2
FNDA:1,(anonymous_2)
FNDA:5,GovukTableComponent
DA:1,1
DA:8,1
DA:10,6
DA:12,6
DA:13,6
DA:14,6
DA:18,6
DA:36,1
LF:8
LH:8
BRF:0
BRH:0
end_of_record
TN:
SF:/home/alan/Cloud/workspaces/HMCTS/rpa-jui-webapp/src/app/govuk/components/govuk-tabs/govuk-tabs.component.ts
FN:8,(anonymous_2)
FN:43,GovukTabsComponent
FNF:2
FNH:2
FNDA:1,(anonymous_2)
FNDA:1,GovukTabsComponent
DA:1,1
DA:8,1
DA:11,2
DA:12,2
DA:45,1
LF:5
LH:5
BRF:0
BRH:0
end_of_record
TN:
SF:/home/alan/Cloud/workspaces/HMCTS/rpa-jui-webapp/src/app/govuk/components/govuk-tag/govuk-tag.component.ts
FN:8,(anonymous_2)
FN:12,GovukTagComponent
FNF:2
FNH:2
FNDA:1,(anonymous_2)
FNDA:1,GovukTagComponent
DA:1,1
DA:8,1
DA:10,2
DA:14,1
LF:4
LH:4
BRF:0
BRH:0
end_of_record
TN:
SF:/home/alan/Cloud/workspaces/HMCTS/rpa-jui-webapp/src/app/govuk/components/govuk-textarea/govuk-textarea.component.ts
FN:8,(anonymous_2)
FN:19,GovukTextareaComponent
FNF:2
FNH:2
FNDA:1,(anonymous_2)
FNDA:1,GovukTextareaComponent
DA:1,1
DA:8,1
DA:10,2
DA:11,2
DA:12,2
DA:15,2
DA:21,1
LF:7
LH:7
BRF:0
BRH:0
end_of_record
TN:
SF:/home/alan/Cloud/workspaces/HMCTS/rpa-jui-webapp/src/app/govuk/components/govuk-warning-text/govuk-warning-text.component.ts
FN:8,(anonymous_2)
FN:13,GovukWarningTextComponent
FNF:2
FNH:2
FNDA:1,(anonymous_2)
FNDA:1,GovukWarningTextComponent
DA:1,1
DA:8,1
DA:10,2
DA:11,2
DA:15,1
LF:5
LH:5
BRF:0
BRH:0
end_of_record
TN:
SF:/home/alan/Cloud/workspaces/HMCTS/rpa-jui-webapp/src/app/hmcts/hmcts.module.ts
FN:42,(anonymous_1)
FNF:1
FNH:1
FNDA:92,(anonymous_1)
DA:1,1
DA:2,1
DA:3,1
DA:4,1
DA:5,1
DA:6,1
DA:7,1
DA:8,1
DA:9,1
DA:10,1
DA:11,1
DA:12,1
DA:42,1
DA:44,1
LF:14
LH:14
BRF:0
BRH:0
end_of_record
TN:
SF:/home/alan/Cloud/workspaces/HMCTS/rpa-jui-webapp/src/app/hmcts/components/hmcts-alert/hmcts-alert.component.ts
FN:8,(anonymous_2)
FN:15,HmctsAlertComponent
FNF:2
FNH:2
FNDA:1,(anonymous_2)
FNDA:1,HmctsAlertComponent
DA:1,1
DA:8,1
DA:10,1
DA:11,1
DA:12,1
DA:13,2
DA:17,1
LF:7
LH:7
BRF:0
BRH:0
end_of_record
TN:
SF:/home/alan/Cloud/workspaces/HMCTS/rpa-jui-webapp/src/app/hmcts/components/hmcts-details-bar/hmcts-details-bar.component.ts
FN:8,(anonymous_2)
FN:22,HmctsDetailsBarComponent
FN:24,(anonymous_4)
FNF:3
FNH:3
FNDA:1,(anonymous_2)
FNDA:1,HmctsDetailsBarComponent
FNDA:1,(anonymous_4)
DA:1,1
DA:8,1
DA:10,2
DA:11,2
DA:12,2
DA:24,1
DA:27,1
LF:7
LH:7
BRF:0
BRH:0
end_of_record
TN:
SF:/home/alan/Cloud/workspaces/HMCTS/rpa-jui-webapp/src/app/hmcts/components/hmcts-global-footer/hmcts-global-footer.component.ts
FN:9,(anonymous_2)
FN:13,HmctsGlobalFooterComponent
FN:14,(anonymous_4)
FNF:3
FNH:3
FNDA:1,(anonymous_2)
FNDA:1,HmctsGlobalFooterComponent
FNDA:1,(anonymous_4)
DA:1,1
DA:9,1
DA:10,1
DA:11,1
DA:14,1
DA:16,1
LF:6
LH:6
BRF:0
BRH:0
end_of_record
TN:
SF:/home/alan/Cloud/workspaces/HMCTS/rpa-jui-webapp/src/app/hmcts/components/hmcts-global-footer/mock/hmcts-global-footer.mock.ts
FNF:0
FNH:0
DA:2,1
DA:4,1
DA:17,1
LF:3
LH:3
BRF:0
BRH:0
end_of_record
TN:
SF:/home/alan/Cloud/workspaces/HMCTS/rpa-jui-webapp/src/app/hmcts/components/hmcts-global-header/hmcts-global-header.component.ts
FN:8,(anonymous_2)
FN:26,HmctsGlobalHeaderComponent
FNF:2
FNH:2
FNDA:1,(anonymous_2)
FNDA:2,HmctsGlobalHeaderComponent
DA:1,1
DA:8,1
DA:9,3
DA:13,3
DA:28,1
LF:5
LH:5
BRF:0
BRH:0
end_of_record
TN:
SF:/home/alan/Cloud/workspaces/HMCTS/rpa-jui-webapp/src/app/hmcts/components/hmcts-primary-navigation/hmcts-primary-navigation.component.ts
FN:8,(anonymous_2)
FN:25,HmctsPrimaryNavigationComponent
FNF:2
FNH:2
FNDA:1,(anonymous_2)
FNDA:2,HmctsPrimaryNavigationComponent
DA:1,1
DA:8,1
DA:10,3
DA:11,3
DA:27,1
LF:5
LH:5
BRF:0
BRH:0
end_of_record
TN:
SF:/home/alan/Cloud/workspaces/HMCTS/rpa-jui-webapp/src/app/hmcts/components/hmcts-progress-bar/hmcts-progress-bar.component.ts
FN:8,(anonymous_2)
FN:34,HmctsProgressBarComponent
FNF:2
FNH:2
FNDA:1,(anonymous_2)
FNDA:1,HmctsProgressBarComponent
DA:1,1
DA:8,1
DA:10,2
DA:36,1
LF:4
LH:4
BRF:0
BRH:0
end_of_record
TN:
SF:/home/alan/Cloud/workspaces/HMCTS/rpa-jui-webapp/src/app/hmcts/components/hmcts-sub-navigation/hmcts-sub-navigation.component.ts
FN:9,(anonymous_2)
FN:14,HmctsSubNavigationComponent
FNF:2
FNH:2
FNDA:1,(anonymous_2)
FNDA:5,HmctsSubNavigationComponent
DA:1,1
DA:9,1
DA:11,1
DA:12,1
DA:16,1
LF:5
LH:5
BRF:0
BRH:0
end_of_record
TN:
SF:/home/alan/Cloud/workspaces/HMCTS/rpa-jui-webapp/src/app/hmcts/components/hmcts-sub-navigation/mock/hmcts-sub-navigation.mock.ts
FNF:0
FNH:0
DA:2,1
DA:3,1
LF:2
LH:2
BRF:0
BRH:0
end_of_record
TN:
SF:/home/alan/Cloud/workspaces/HMCTS/rpa-jui-webapp/src/app/hmcts/components/hmcts-timeline/hmcts-timeline.component.ts
FN:8,(anonymous_2)
FN:45,HmctsTimelineComponent
FNF:2
FNH:2
FNDA:1,(anonymous_2)
FNDA:1,HmctsTimelineComponent
DA:1,1
DA:8,1
DA:10,2
DA:47,1
LF:4
LH:4
BRF:0
BRH:0
end_of_record
TN:
SF:/home/alan/Cloud/workspaces/HMCTS/rpa-jui-webapp/src/app/hmcts/pipes/sentence-case/sentence-case-pipe.ts
FN:8,(anonymous_1)
FN:9,(anonymous_3)
FN:15,(anonymous_4)
FN:18,(anonymous_5)
FN:23,(anonymous_6)
FNF:5
FNH:5
FNDA:10,(anonymous_1)
FNDA:8,(anonymous_3)
FNDA:6,(anonymous_4)
FNDA:20,(anonymous_5)
FNDA:6,(anonymous_6)
DA:1,1
DA:8,1
DA:9,1
DA:10,8
DA:12,6
DA:15,1
DA:17,6
DA:18,6
DA:19,20
DA:23,1
DA:24,6
DA:26,1
LF:12
LH:12
BRDA:10,0,0,2
BRDA:10,0,1,6
BRDA:19,1,0,2
BRDA:19,1,1,18
BRF:4
BRH:4
end_of_record
TN:
SF:/home/alan/Cloud/workspaces/HMCTS/rpa-jui-webapp/src/app/routing/redirection.service.ts
FN:7,(anonymous_4)
FN:9,RedirectionService
FN:13,(anonymous_6)
FNF:3
FNH:2
FNDA:1,(anonymous_4)
FNDA:27,RedirectionService
FNDA:0,(anonymous_6)
DA:1,1
DA:2,1
DA:7,1
DA:9,27
DA:13,1
DA:14,0
DA:16,1
LF:7
LH:6
BRF:0
BRH:0
end_of_record
TN:
SF:/home/alan/Cloud/workspaces/HMCTS/rpa-jui-webapp/src/app/routing/routing.module.ts
FN:188,(anonymous_1)
FNF:1
FNH:1
FNDA:2,(anonymous_1)
DA:1,1
DA:2,1
DA:3,1
DA:4,1
DA:5,1
DA:6,1
DA:7,1
DA:8,1
DA:9,1
DA:10,1
DA:11,1
DA:12,1
DA:13,1
DA:14,1
DA:16,1
DA:17,1
DA:18,1
DA:19,1
DA:20,1
DA:21,1
DA:22,1
DA:23,1
DA:24,1
DA:25,1
DA:26,1
DA:27,1
DA:28,1
DA:29,1
DA:30,1
DA:31,1
DA:32,1
DA:33,1
DA:34,1
DA:36,1
DA:37,1
DA:38,1
DA:39,1
DA:40,1
DA:41,1
DA:42,1
DA:43,1
DA:44,1
DA:45,1
DA:47,1
DA:188,1
DA:189,1
LF:46
LH:46
BRF:0
BRH:0
end_of_record
TN:
SF:/home/alan/Cloud/workspaces/HMCTS/rpa-jui-webapp/src/app/routing/pages/decisions/check-decision/check-decision.component.ts
FN:17,(anonymous_2)
FN:30,CheckDecisionComponent
FN:37,(anonymous_4)
FN:50,(anonymous_5)
FN:56,(anonymous_6)
FN:57,(anonymous_7)
FN:67,(anonymous_8)
FN:77,(anonymous_9)
FN:87,(anonymous_10)
FN:113,(anonymous_11)
FN:119,(anonymous_12)
FN:124,(anonymous_13)
FN:131,(anonymous_14)
FN:137,(anonymous_15)
FNF:14
FNH:1
FNDA:1,(anonymous_2)
FNDA:0,CheckDecisionComponent
FNDA:0,(anonymous_4)
FNDA:0,(anonymous_5)
FNDA:0,(anonymous_6)
FNDA:0,(anonymous_7)
FNDA:0,(anonymous_8)
FNDA:0,(anonymous_9)
FNDA:0,(anonymous_10)
FNDA:0,(anonymous_11)
FNDA:0,(anonymous_12)
FNDA:0,(anonymous_13)
FNDA:0,(anonymous_14)
FNDA:0,(anonymous_15)
DA:1,1
DA:2,1
DA:3,1
DA:4,1
DA:5,1
DA:6,1
DA:8,1
DA:9,1
DA:17,1
DA:22,0
DA:26,0
DA:29,1
DA:30,0
DA:31,0
DA:32,0
DA:33,0
DA:34,0
DA:35,0
DA:36,0
DA:37,1
DA:38,0
DA:50,1
DA:51,0
DA:52,0
DA:56,1
DA:57,0
DA:58,0
DA:59,0
DA:61,0
DA:62,0
DA:63,0
DA:65,0
DA:67,0
DA:68,0
DA:69,0
DA:72,0
DA:73,0
DA:77,0
DA:78,0
DA:79,0
DA:80,0
DA:82,0
DA:83,0
DA:84,0
DA:87,1
DA:88,0
DA:90,0
DA:91,0
DA:92,0
DA:97,0
DA:98,0
DA:99,0
DA:100,0
DA:101,0
DA:103,0
DA:106,0
DA:108,0
DA:109,0
DA:114,0
DA:115,0
DA:119,1
DA:120,0
DA:123,0
DA:125,0
DA:126,0
DA:127,0
DA:132,0
DA:137,1
DA:138,0
DA:140,1
LF:70
LH:17
BRDA:51,0,0,0
BRDA:51,0,1,0
BRDA:72,1,0,0
BRDA:72,1,1,0
BRDA:90,2,0,0
BRDA:90,2,1,0
BRDA:99,3,0,0
BRDA:99,3,1,0
BRDA:100,4,0,0
BRDA:100,4,1,0
BRDA:120,5,0,0
BRDA:120,5,1,0
BRDA:126,6,0,0
BRDA:126,6,1,0
BRF:14
BRH:0
end_of_record
TN:
SF:/home/alan/Cloud/workspaces/HMCTS/rpa-jui-webapp/src/app/routing/pages/decisions/create-decision/create-decision.component.ts
FN:12,(anonymous_2)
FN:33,CreateDecisionComponent
FN:42,(anonymous_4)
FN:49,(anonymous_5)
FN:65,(anonymous_6)
FN:70,(anonymous_7)
FN:71,(anonymous_8)
FN:76,(anonymous_9)
FN:77,(anonymous_10)
FNF:9
FNH:6
FNDA:1,(anonymous_2)
FNDA:8,CreateDecisionComponent
FNDA:8,(anonymous_4)
FNDA:8,(anonymous_5)
FNDA:2,(anonymous_6)
FNDA:1,(anonymous_7)
FNDA:0,(anonymous_8)
FNDA:0,(anonymous_9)
FNDA:0,(anonymous_10)
DA:1,1
DA:2,1
DA:3,1
DA:4,1
DA:5,1
DA:12,1
DA:16,8
DA:18,8
DA:19,8
DA:20,8
DA:22,8
DA:23,8
DA:27,8
DA:34,8
DA:35,8
DA:36,8
DA:37,8
DA:38,8
DA:39,8
DA:42,1
DA:43,8
DA:49,1
DA:50,8
DA:52,8
DA:53,8
DA:54,8
DA:56,8
DA:57,1
DA:58,1
DA:59,1
DA:61,8
DA:65,2
DA:66,2
DA:67,1
DA:68,1
DA:70,1
DA:71,0
DA:74,0
DA:76,0
DA:77,0
DA:83,1
DA:84,1
DA:87,1
LF:43
LH:39
BRDA:56,0,0,1
BRDA:56,0,1,7
BRDA:66,1,0,1
BRDA:66,1,1,1
BRDA:67,2,0,1
BRDA:67,2,1,0
BRF:6
BRH:5
end_of_record
TN:
SF:/home/alan/Cloud/workspaces/HMCTS/rpa-jui-webapp/src/app/routing/pages/decisions/decision-confirmation/decision-confirmation.component.ts
FN:9,(anonymous_2)
FN:13,DecisionConfirmationComponent
FN:15,(anonymous_4)
FNF:3
FNH:3
FNDA:1,(anonymous_2)
FNDA:1,DecisionConfirmationComponent
FNDA:1,(anonymous_4)
DA:1,1
DA:2,1
DA:9,1
DA:13,1
DA:15,1
DA:16,1
DA:17,1
DA:21,1
LF:8
LH:8
BRF:0
BRH:0
end_of_record
TN:
SF:/home/alan/Cloud/workspaces/HMCTS/rpa-jui-webapp/src/app/routing/pages/decisions/fr/draft-consent-order/draft-consent-order.component.ts
FN:13,(anonymous_2)
FN:24,DraftConsentOrderComponent
FN:28,(anonymous_4)
FN:31,(anonymous_5)
FN:32,(anonymous_6)
FN:39,(anonymous_7)
FN:50,(anonymous_8)
FN:57,(anonymous_9)
FNF:8
FNH:1
FNDA:1,(anonymous_2)
FNDA:0,DraftConsentOrderComponent
FNDA:0,(anonymous_4)
FNDA:0,(anonymous_5)
FNDA:0,(anonymous_6)
FNDA:0,(anonymous_7)
FNDA:0,(anonymous_8)
FNDA:0,(anonymous_9)
DA:1,1
DA:2,1
DA:3,1
DA:4,1
DA:5,1
DA:13,1
DA:18,0
DA:21,0
DA:23,1
DA:24,0
DA:25,0
DA:26,0
DA:27,0
DA:28,1
DA:29,0
DA:31,1
DA:32,0
DA:33,0
DA:34,0
DA:36,0
DA:37,0
DA:38,0
DA:39,0
DA:40,0
DA:41,0
DA:42,0
DA:44,0
DA:45,0
DA:47,0
DA:50,1
DA:51,0
DA:52,0
DA:53,0
DA:54,0
DA:55,0
DA:56,0
DA:57,0
DA:58,0
DA:59,0
DA:63,1
LF:40
LH:11
BRF:0
BRH:0
end_of_record
TN:
SF:/home/alan/Cloud/workspaces/HMCTS/rpa-jui-webapp/src/app/routing/pages/decisions/fr/hearing-details/hearing-details.component.ts
FN:12,(anonymous_2)
FN:20,HearingDetailsComponent
FN:26,(anonymous_4)
FN:29,(anonymous_5)
FN:30,(anonymous_6)
FN:36,(anonymous_7)
FN:47,(anonymous_8)
FN:58,(anonymous_9)
FNF:8
FNH:1
FNDA:1,(anonymous_2)
FNDA:0,HearingDetailsComponent
FNDA:0,(anonymous_4)
FNDA:0,(anonymous_5)
FNDA:0,(anonymous_6)
FNDA:0,(anonymous_7)
FNDA:0,(anonymous_8)
FNDA:0,(anonymous_9)
DA:1,1
DA:2,1
DA:3,1
DA:4,1
DA:5,1
DA:12,1
DA:19,1
DA:21,0
DA:22,0
DA:23,0
DA:24,0
DA:26,1
DA:27,0
DA:29,1
DA:30,0
DA:31,0
DA:33,0
DA:34,0
DA:35,0
DA:36,0
DA:37,0
DA:38,0
DA:39,0
DA:41,0
DA:42,0
DA:44,0
DA:47,1
DA:48,0
DA:49,0
DA:50,0
DA:51,0
DA:52,0
DA:53,0
DA:54,0
DA:59,0
DA:60,0
DA:63,1
LF:37
LH:11
BRF:0
BRH:0
end_of_record
TN:
SF:/home/alan/Cloud/workspaces/HMCTS/rpa-jui-webapp/src/app/routing/pages/decisions/fr/make-decision/make-decision.component.ts
FN:12,(anonymous_2)
FN:23,MakeDecisionComponent
FN:29,(anonymous_4)
FN:32,(anonymous_5)
FN:33,(anonymous_6)
FN:39,(anonymous_7)
FN:46,(anonymous_8)
FN:57,(anonymous_9)
FNF:8
FNH:1
FNDA:1,(anonymous_2)
FNDA:0,MakeDecisionComponent
FNDA:0,(anonymous_4)
FNDA:0,(anonymous_5)
FNDA:0,(anonymous_6)
FNDA:0,(anonymous_7)
FNDA:0,(anonymous_8)
FNDA:0,(anonymous_9)
DA:1,1
DA:2,1
DA:3,1
DA:4,1
DA:5,1
DA:12,1
DA:21,1
DA:24,0
DA:25,0
DA:26,0
DA:27,0
DA:29,1
DA:30,0
DA:32,1
DA:33,0
DA:34,0
DA:36,0
DA:37,0
DA:38,0
DA:39,0
DA:40,0
DA:41,0
DA:42,0
DA:43,0
DA:46,1
DA:47,0
DA:48,0
DA:49,0
DA:50,0
DA:51,0
DA:52,0
DA:53,0
DA:58,0
DA:59,0
DA:62,1
LF:35
LH:11
BRF:0
BRH:0
end_of_record
TN:
SF:/home/alan/Cloud/workspaces/HMCTS/rpa-jui-webapp/src/app/routing/pages/decisions/fr/notes-for-court-administrator/notes-for-court-administrator.component.ts
FN:12,(anonymous_2)
FN:22,NotesForCourtAdministratorComponent
FN:28,(anonymous_4)
FN:31,(anonymous_5)
FN:32,(anonymous_6)
FN:38,(anonymous_7)
FN:46,(anonymous_8)
FN:56,(anonymous_9)
FNF:8
FNH:1
FNDA:1,(anonymous_2)
FNDA:0,NotesForCourtAdministratorComponent
FNDA:0,(anonymous_4)
FNDA:0,(anonymous_5)
FNDA:0,(anonymous_6)
FNDA:0,(anonymous_7)
FNDA:0,(anonymous_8)
FNDA:0,(anonymous_9)
DA:1,1
DA:2,1
DA:3,1
DA:4,1
DA:5,1
DA:12,1
DA:21,1
DA:23,0
DA:24,0
DA:25,0
DA:26,0
DA:28,1
DA:29,0
DA:31,1
DA:32,0
DA:33,0
DA:35,0
DA:36,0
DA:37,0
DA:38,0
DA:39,0
DA:40,0
DA:41,0
DA:42,0
DA:43,0
DA:46,1
DA:47,0
DA:48,0
DA:49,0
DA:50,0
DA:51,0
DA:52,0
DA:57,0
DA:58,0
DA:61,1
LF:35
LH:11
BRF:0
BRH:0
end_of_record
TN:
SF:/home/alan/Cloud/workspaces/HMCTS/rpa-jui-webapp/src/app/routing/pages/decisions/fr/reasons-co-not-approved/reasons-co-not-approved.component.ts
FN:14,(anonymous_4)
FN:35,ReasonsCoNotApprovedComponent
FN:53,(anonymous_6)
FN:62,(anonymous_7)
FN:64,(anonymous_8)
FN:70,(anonymous_9)
FN:81,(anonymous_10)
FN:96,(anonymous_11)
FNF:8
FNH:1
FNDA:1,(anonymous_4)
FNDA:0,ReasonsCoNotApprovedComponent
FNDA:0,(anonymous_6)
FNDA:0,(anonymous_7)
FNDA:0,(anonymous_8)
FNDA:0,(anonymous_9)
FNDA:0,(anonymous_10)
FNDA:0,(anonymous_11)
DA:1,1
DA:2,1
DA:3,1
DA:4,1
DA:5,1
DA:6,1
DA:14,1
DA:17,0
DA:21,0
DA:33,0
DA:35,0
DA:36,0
DA:37,0
DA:38,0
DA:39,0
DA:40,0
DA:53,1
DA:55,0
DA:57,0
DA:59,0
DA:62,1
DA:63,0
DA:64,0
DA:65,0
DA:67,0
DA:68,0
DA:69,0
DA:70,0
DA:71,0
DA:72,0
DA:73,0
DA:78,0
DA:81,1
DA:82,0
DA:83,0
DA:85,0
DA:86,0
DA:87,0
DA:88,0
DA:90,0
DA:92,0
DA:93,0
DA:94,0
DA:96,0
DA:97,0
DA:98,0
DA:102,1
LF:47
LH:11
BRDA:92,0,0,0
BRDA:92,0,1,0
BRF:2
BRH:0
end_of_record
TN:
SF:/home/alan/Cloud/workspaces/HMCTS/rpa-jui-webapp/src/app/routing/pages/decisions/root/root.component.ts
FN:8,(anonymous_2)
FN:12,DecisionRootComponent
FN:14,(anonymous_4)
FNF:3
FNH:3
FNDA:1,(anonymous_2)
FNDA:1,DecisionRootComponent
FNDA:1,(anonymous_4)
DA:1,1
DA:2,1
DA:8,1
DA:12,1
DA:14,1
DA:15,1
DA:17,1
LF:7
LH:7
BRF:0
BRH:0
end_of_record
TN:
SF:/home/alan/Cloud/workspaces/HMCTS/rpa-jui-webapp/src/app/routing/pages/generic-page/generic-page.component.ts
FN:8,(anonymous_2)
FN:10,GenericPageComponent
FN:12,(anonymous_4)
FNF:3
FNH:1
FNDA:1,(anonymous_2)
FNDA:0,GenericPageComponent
FNDA:0,(anonymous_4)
DA:1,1
DA:8,1
DA:12,1
DA:15,1
LF:4
LH:4
BRF:0
BRH:0
end_of_record
TN:
SF:/home/alan/Cloud/workspaces/HMCTS/rpa-jui-webapp/src/app/routing/pages/generic-page/check-your-answers/check-your-answers.component.ts
FN:8,(anonymous_2)
FN:9,CheckYourAnswersComponent
FN:10,(anonymous_4)
FNF:3
FNH:3
FNDA:1,(anonymous_2)
FNDA:1,CheckYourAnswersComponent
FNDA:1,(anonymous_4)
DA:1,1
DA:8,1
DA:10,1
DA:12,1
LF:4
LH:4
BRF:0
BRH:0
end_of_record
TN:
SF:/home/alan/Cloud/workspaces/HMCTS/rpa-jui-webapp/src/app/routing/pages/generic-page/confirmation/confirmation.component.ts
FN:8,(anonymous_2)
FN:10,ConfirmationComponent
FN:12,(anonymous_4)
FNF:3
FNH:1
FNDA:1,(anonymous_2)
FNDA:0,ConfirmationComponent
FNDA:0,(anonymous_4)
DA:1,1
DA:8,1
DA:12,1
DA:15,1
LF:4
LH:4
BRF:0
BRH:0
end_of_record
TN:
SF:/home/alan/Cloud/workspaces/HMCTS/rpa-jui-webapp/src/app/routing/pages/generic-page/cookies/cookies.component.ts
FN:8,(anonymous_2)
FN:9,CookiesComponent
FNF:2
FNH:2
FNDA:1,(anonymous_2)
FNDA:1,CookiesComponent
DA:1,1
DA:8,1
DA:11,1
LF:3
LH:3
BRF:0
BRH:0
end_of_record
TN:
SF:/home/alan/Cloud/workspaces/HMCTS/rpa-jui-webapp/src/app/routing/pages/generic-page/dashboard/dashboard.component.ts
FN:8,(anonymous_2)
FN:9,DashboardComponent
FNF:2
FNH:1
FNDA:1,(anonymous_2)
FNDA:0,DashboardComponent
DA:1,1
DA:8,1
DA:11,1
LF:3
LH:3
BRF:0
BRH:0
end_of_record
TN:
SF:/home/alan/Cloud/workspaces/HMCTS/rpa-jui-webapp/src/app/routing/pages/generic-page/demo/demo.component.ts
FN:8,(anonymous_2)
FN:9,DemoComponent
FNF:2
FNH:1
FNDA:1,(anonymous_2)
FNDA:0,DemoComponent
DA:1,1
DA:8,1
DA:11,1
LF:3
LH:3
BRF:0
BRH:0
end_of_record
TN:
SF:/home/alan/Cloud/workspaces/HMCTS/rpa-jui-webapp/src/app/routing/pages/generic-page/error-service-unavailable/error-service-unavailable.component.ts
FN:8,(anonymous_2)
FN:10,ErrorServiceUnavailableComponent
FN:12,(anonymous_4)
FNF:3
FNH:3
FNDA:1,(anonymous_2)
FNDA:1,ErrorServiceUnavailableComponent
FNDA:1,(anonymous_4)
DA:1,1
DA:8,1
DA:12,1
DA:15,1
LF:4
LH:4
BRF:0
BRH:0
end_of_record
TN:
SF:/home/alan/Cloud/workspaces/HMCTS/rpa-jui-webapp/src/app/routing/pages/generic-page/privacy-policy/privacy-policy.component.ts
FN:8,(anonymous_2)
FN:9,PrivacyPolicyComponent
FNF:2
FNH:2
FNDA:1,(anonymous_2)
FNDA:1,PrivacyPolicyComponent
DA:1,1
DA:8,1
DA:11,1
LF:3
LH:3
BRF:0
BRH:0
end_of_record
TN:
SF:/home/alan/Cloud/workspaces/HMCTS/rpa-jui-webapp/src/app/routing/pages/generic-page/task-list/task-list.component.ts
FN:8,(anonymous_2)
FN:10,TaskListComponent
FN:12,(anonymous_4)
FNF:3
FNH:3
FNDA:1,(anonymous_2)
FNDA:1,TaskListComponent
FNDA:1,(anonymous_4)
DA:1,1
DA:8,1
DA:12,1
DA:15,1
LF:4
LH:4
BRF:0
BRH:0
end_of_record
TN:
SF:/home/alan/Cloud/workspaces/HMCTS/rpa-jui-webapp/src/app/routing/pages/generic-page/terms-and-conditions/terms-and-conditions.component.ts
FN:8,(anonymous_2)
FN:9,TermsAndConditionsComponent
FNF:2
FNH:2
FNDA:1,(anonymous_2)
FNDA:1,TermsAndConditionsComponent
DA:1,1
DA:8,1
DA:11,1
LF:3
LH:3
BRF:0
BRH:0
end_of_record
TN:
SF:/home/alan/Cloud/workspaces/HMCTS/rpa-jui-webapp/src/app/routing/pages/hearings/check-hearing/check-hearing.component.ts
FN:12,(anonymous_2)
FN:26,CheckHearingComponent
FN:32,(anonymous_4)
FN:36,(anonymous_5)
FN:38,(anonymous_6)
FN:46,(anonymous_7)
FN:49,(anonymous_8)
FN:51,(anonymous_9)
FNF:8
FNH:8
FNDA:1,(anonymous_2)
FNDA:3,CheckHearingComponent
FNDA:3,(anonymous_4)
FNDA:3,(anonymous_5)
FNDA:3,(anonymous_6)
FNDA:2,(anonymous_7)
FNDA:1,(anonymous_8)
FNDA:1,(anonymous_9)
DA:1,1
DA:2,1
DA:3,1
DA:4,1
DA:5,1
DA:12,1
DA:20,3
DA:21,3
DA:26,3
DA:27,3
DA:28,3
DA:29,3
DA:30,3
DA:32,1
DA:33,3
DA:36,3
DA:37,3
DA:38,3
DA:39,3
DA:41,3
DA:46,2
DA:47,2
DA:48,2
DA:50,1
DA:52,1
DA:53,1
DA:59,1
LF:27
LH:27
BRDA:47,0,0,2
BRDA:47,0,1,0
BRF:2
BRH:1
end_of_record
TN:
SF:/home/alan/Cloud/workspaces/HMCTS/rpa-jui-webapp/src/app/routing/pages/hearings/check-hearing/mock/check-hearing.mock.ts
FNF:0
FNH:0
DA:3,1
LF:1
LH:1
BRF:0
BRH:0
end_of_record
TN:
SF:/home/alan/Cloud/workspaces/HMCTS/rpa-jui-webapp/src/app/routing/pages/hearings/create-hearing/create-hearing.component.ts
FN:13,(anonymous_2)
FN:29,CreateHearingComponent
FN:38,(anonymous_4)
FN:44,(anonymous_5)
FN:45,(anonymous_6)
FN:53,(anonymous_7)
FNF:6
FNH:5
FNDA:1,(anonymous_2)
FNDA:3,CreateHearingComponent
FNDA:3,(anonymous_4)
FNDA:3,(anonymous_5)
FNDA:3,(anonymous_6)
FNDA:0,(anonymous_7)
DA:1,1
DA:2,1
DA:3,1
DA:4,1
DA:5,1
DA:13,1
DA:17,3
DA:19,3
DA:20,3
DA:24,3
DA:30,3
DA:31,3
DA:32,3
DA:33,3
DA:34,3
DA:35,3
DA:38,1
DA:39,3
DA:44,3
DA:45,3
DA:46,3
DA:47,3
DA:49,3
DA:53,1
DA:54,0
DA:55,0
DA:56,0
DA:58,0
DA:61,1
LF:29
LH:25
BRDA:54,0,0,0
BRDA:54,0,1,0
BRF:2
BRH:0
end_of_record
TN:
SF:/home/alan/Cloud/workspaces/HMCTS/rpa-jui-webapp/src/app/routing/pages/hearings/create-hearing/mock/create-hearing.mock.ts
FNF:0
FNH:0
DA:3,1
LF:1
LH:1
BRF:0
BRH:0
end_of_record
TN:
SF:/home/alan/Cloud/workspaces/HMCTS/rpa-jui-webapp/src/app/routing/pages/hearings/hearing-confirmation/hearing-confirmation.component.ts
FN:9,(anonymous_2)
FN:13,HearingConfirmationComponent
FN:15,(anonymous_4)
FNF:3
FNH:3
FNDA:1,(anonymous_2)
FNDA:1,HearingConfirmationComponent
FNDA:1,(anonymous_4)
DA:1,1
DA:2,1
DA:9,1
DA:13,1
DA:15,1
DA:16,1
DA:19,1
LF:7
LH:7
BRDA:16,0,0,1
BRDA:16,0,1,0
BRF:2
BRH:1
end_of_record
TN:
SF:/home/alan/Cloud/workspaces/HMCTS/rpa-jui-webapp/src/app/routing/pages/hearings/root/root.component.ts
FN:9,(anonymous_2)
FN:13,HearingRootComponent
FN:15,(anonymous_4)
FNF:3
FNH:3
FNDA:1,(anonymous_2)
FNDA:1,HearingRootComponent
FNDA:1,(anonymous_4)
DA:1,1
DA:2,1
DA:9,1
DA:13,1
DA:15,1
DA:16,1
DA:18,1
LF:7
LH:7
BRF:0
BRH:0
end_of_record
TN:
SF:/home/alan/Cloud/workspaces/HMCTS/rpa-jui-webapp/src/app/routing/pages/view-case/view-case.component.ts
FN:14,(anonymous_2)
FN:20,ViewCaseComponent
FN:22,(anonymous_4)
FN:27,(anonymous_5)
FN:35,(anonymous_6)
FNF:5
FNH:4
FNDA:1,(anonymous_2)
FNDA:5,ViewCaseComponent
FNDA:5,(anonymous_4)
FNDA:5,(anonymous_5)
FNDA:0,(anonymous_6)
DA:1,1
DA:2,1
DA:3,1
DA:5,1
DA:14,1
DA:16,5
DA:20,5
DA:21,5
DA:22,5
DA:23,5
DA:27,5
DA:28,5
DA:29,4
DA:30,4
DA:32,5
DA:33,1
DA:34,0
DA:36,0
DA:37,0
DA:41,1
DA:46,1
LF:21
LH:18
BRDA:23,0,0,4
BRDA:23,0,1,1
BRDA:28,1,0,4
BRDA:28,1,1,1
BRDA:32,2,0,1
BRDA:32,2,1,4
BRDA:33,3,0,0
BRDA:33,3,1,1
BRF:8
BRH:7
end_of_record
TN:
SF:/home/alan/Cloud/workspaces/HMCTS/rpa-jui-webapp/src/app/routing/pages/view-case/view-case.services.ts
FN:9,(anonymous_2)
FN:11,CaseDataService
FN:14,(anonymous_4)
FN:18,(anonymous_5)
FN:19,(anonymous_6)
FN:29,(anonymous_7)
FN:30,(anonymous_8)
FNF:7
FNH:1
FNDA:1,(anonymous_2)
FNDA:0,CaseDataService
FNDA:0,(anonymous_4)
FNDA:0,(anonymous_5)
FNDA:0,(anonymous_6)
FNDA:0,(anonymous_7)
FNDA:0,(anonymous_8)
DA:1,1
DA:2,1
DA:9,1
DA:11,0
DA:14,1
DA:16,0
DA:18,1
DA:19,0
DA:20,0
DA:29,1
DA:30,0
DA:32,1
LF:12
LH:7
BRF:0
BRH:0
end_of_record
TN:
SF:/home/alan/Cloud/workspaces/HMCTS/rpa-jui-webapp/src/app/routing/pages/view-case/mock/activeRouterViewCase.mock.ts
FNF:0
FNH:0
DA:1,1
DA:2,1
DA:4,1
DA:11,1
LF:4
LH:4
BRF:0
BRH:0
end_of_record
TN:
SF:/home/alan/Cloud/workspaces/HMCTS/rpa-jui-webapp/src/app/routing/pages/view-case/mock/view-case.mock.ts
FNF:0
FNH:0
DA:7,1
DA:29,1
LF:2
LH:2
BRF:0
BRH:0
end_of_record
TN:
SF:/home/alan/Cloud/workspaces/HMCTS/rpa-jui-webapp/src/app/routing/resolve/case.resolve.ts
FN:7,(anonymous_2)
FN:9,CaseResolve
FN:12,(anonymous_4)
FNF:3
FNH:3
FNDA:1,(anonymous_2)
FNDA:2,CaseResolve
FNDA:1,(anonymous_4)
DA:1,1
DA:2,1
DA:4,1
DA:7,1
DA:9,2
DA:12,1
DA:13,1
DA:14,1
DA:15,1
DA:17,1
DA:19,1
LF:11
LH:11
BRF:0
BRH:0
end_of_record
TN:
SF:/home/alan/Cloud/workspaces/HMCTS/rpa-jui-webapp/src/app/routing/resolve/decision.resolve.ts
FN:8,(anonymous_2)
FN:10,DecisionResolve
FN:13,(anonymous_4)
FNF:3
FNH:2
FNDA:1,(anonymous_2)
FNDA:1,DecisionResolve
FNDA:0,(anonymous_4)
DA:1,1
DA:5,1
DA:8,1
DA:10,1
DA:13,1
DA:22,1
LF:6
LH:6
BRF:0
BRH:0
end_of_record
TN:
SF:/home/alan/Cloud/workspaces/HMCTS/rpa-jui-webapp/src/app/shared/selector-helper.ts
FN:5,(anonymous_0)
FN:6,(anonymous_2)
FN:11,(anonymous_3)
FN:12,(anonymous_4)
FN:17,(anonymous_5)
FNF:5
FNH:5
FNDA:1,(anonymous_0)
FNDA:48,(anonymous_2)
FNDA:54,(anonymous_3)
FNDA:54,(anonymous_4)
FNDA:54,(anonymous_5)
DA:1,1
DA:5,1
DA:6,1
DA:7,48
DA:8,0
DA:10,48
DA:11,54
DA:12,54
DA:17,1
DA:18,54
DA:19,0
DA:20,0
DA:22,0
DA:26,1
LF:14
LH:10
BRDA:7,0,0,0
BRDA:7,0,1,48
BRDA:12,1,0,54
BRDA:12,1,1,54
BRDA:18,2,0,0
BRDA:18,2,1,54
BRDA:19,3,0,0
BRDA:19,3,1,0
BRF:8
BRH:4
end_of_record
TN:
SF:/home/alan/Cloud/workspaces/HMCTS/rpa-jui-webapp/src/app/shared/shared.module.ts
FN:128,(anonymous_1)
FNF:1
FNH:1
FNDA:91,(anonymous_1)
DA:1,1
DA:2,1
DA:3,1
DA:4,1
DA:5,1
DA:6,1
DA:7,1
DA:8,1
DA:9,1
DA:10,1
DA:11,1
DA:12,1
DA:13,1
DA:14,1
DA:15,1
DA:16,1
DA:17,1
DA:18,1
DA:19,1
DA:20,1
DA:21,1
DA:22,1
DA:23,1
DA:24,1
DA:25,1
DA:26,1
DA:27,1
DA:28,1
DA:29,1
DA:30,1
DA:31,1
DA:32,1
DA:33,1
DA:34,1
DA:35,1
DA:36,1
DA:37,1
DA:38,1
DA:39,1
DA:40,1
DA:41,1
DA:128,1
LF:42
LH:42
BRF:0
BRH:0
end_of_record
TN:
SF:/home/alan/Cloud/workspaces/HMCTS/rpa-jui-webapp/src/app/shared/components/buttons/buttons.component.ts
FN:9,(anonymous_2)
FN:4,ButtonsComponent
FNF:2
FNH:1
FNDA:1,(anonymous_2)
FNDA:0,ButtonsComponent
DA:1,1
DA:2,1
DA:9,1
DA:10,1
DA:11,1
DA:12,1
DA:13,1
DA:14,1
DA:15,1
DA:16,1
DA:17,1
LF:11
LH:11
BRF:0
BRH:0
end_of_record
TN:
SF:/home/alan/Cloud/workspaces/HMCTS/rpa-jui-webapp/src/app/shared/components/case-action-alert/case-action-alert.component.ts
FN:8,(anonymous_2)
FN:16,CaseActionAlertComponent
FN:18,(anonymous_4)
FNF:3
FNH:1
FNDA:1,(anonymous_2)
FNDA:0,CaseActionAlertComponent
FNDA:0,(anonymous_4)
DA:1,1
DA:8,1
DA:11,1
DA:12,1
DA:13,1
DA:14,0
DA:18,1
DA:19,0
DA:20,0
DA:22,1
LF:10
LH:7
BRDA:20,0,0,0
BRDA:20,0,1,0
BRF:2
BRH:0
end_of_record
TN:
SF:/home/alan/Cloud/workspaces/HMCTS/rpa-jui-webapp/src/app/shared/components/case-actions/case-actions.component.ts
FN:9,(anonymous_2)
FN:14,CaseActionsComponent
FNF:2
FNH:2
FNDA:1,(anonymous_2)
FNDA:21,CaseActionsComponent
DA:1,1
DA:9,1
DA:11,1
DA:12,1
DA:13,1
DA:15,1
LF:6
LH:6
BRF:0
BRH:0
end_of_record
TN:
SF:/home/alan/Cloud/workspaces/HMCTS/rpa-jui-webapp/src/app/shared/components/checkbox/checkbox.component.ts
FN:9,(anonymous_2)
FN:18,CheckboxComponent
FNF:2
FNH:1
FNDA:1,(anonymous_2)
FNDA:0,CheckboxComponent
DA:1,1
DA:2,1
DA:9,1
DA:10,1
DA:11,1
DA:12,1
DA:13,1
DA:14,1
DA:15,1
DA:16,1
DA:21,1
LF:11
LH:11
BRF:0
BRH:0
end_of_record
TN:
SF:/home/alan/Cloud/workspaces/HMCTS/rpa-jui-webapp/src/app/shared/components/data-list/data-list.component.ts
FN:8,(anonymous_2)
FN:3,DataListComponent
FN:16,(anonymous_4)
FN:17,(anonymous_5)
FNF:4
FNH:4
FNDA:1,(anonymous_2)
FNDA:4,DataListComponent
FNDA:2,(anonymous_4)
FNDA:8,(anonymous_5)
DA:1,1
DA:8,1
DA:10,5
DA:11,5
DA:12,5
DA:13,4
DA:16,1
DA:17,8
DA:19,1
LF:9
LH:9
BRDA:17,0,0,8
BRDA:17,0,1,0
BRF:2
BRH:1
end_of_record
TN:
SF:/home/alan/Cloud/workspaces/HMCTS/rpa-jui-webapp/src/app/shared/components/document-list/document-list.component.ts
FN:9,(anonymous_2)
FN:38,DocumentListComponent
FN:40,(anonymous_4)
FN:44,(anonymous_5)
FN:47,(anonymous_6)
FN:51,(anonymous_7)
FN:97,(anonymous_8)
FN:102,(anonymous_9)
FN:106,(anonymous_10)
FN:107,(anonymous_11)
FN:110,(anonymous_12)
FN:114,(anonymous_13)
FN:118,(anonymous_14)
FN:123,(anonymous_15)
FN:128,(anonymous_16)
FN:135,(anonymous_17)
FN:142,(anonymous_18)
FN:146,(anonymous_19)
FNF:18
FNH:1
FNDA:1,(anonymous_2)
FNDA:0,DocumentListComponent
FNDA:0,(anonymous_4)
FNDA:0,(anonymous_5)
FNDA:0,(anonymous_6)
FNDA:0,(anonymous_7)
FNDA:0,(anonymous_8)
FNDA:0,(anonymous_9)
FNDA:0,(anonymous_10)
FNDA:0,(anonymous_11)
FNDA:0,(anonymous_12)
FNDA:0,(anonymous_13)
FNDA:0,(anonymous_14)
FNDA:0,(anonymous_15)
FNDA:0,(anonymous_16)
FNDA:0,(anonymous_17)
FNDA:0,(anonymous_18)
FNDA:0,(anonymous_19)
DA:1,1
DA:2,1
DA:9,1
DA:12,1
DA:13,1
DA:14,1
DA:15,1
DA:20,0
DA:38,0
DA:40,1
DA:41,0
DA:44,1
DA:45,0
DA:48,0
DA:49,0
DA:50,0
DA:51,0
DA:93,0
DA:94,0
DA:98,0
DA:102,1
DA:103,0
DA:106,1
DA:107,0
DA:110,1
DA:111,0
DA:114,1
DA:115,0
DA:118,1
DA:119,0
DA:120,0
DA:123,1
DA:124,0
DA:125,0
DA:128,1
DA:129,0
DA:130,0
DA:131,0
DA:135,1
DA:136,0
DA:137,0
DA:138,0
DA:142,1
DA:143,0
DA:146,1
DA:147,0
DA:150,1
LF:47
LH:20
BRDA:48,0,0,0
BRDA:48,0,1,0
BRDA:49,1,0,0
BRDA:49,1,1,0
BRDA:49,2,0,0
BRDA:49,2,1,0
BRDA:49,2,2,0
BRDA:115,3,0,0
BRDA:115,3,1,0
BRDA:129,4,0,0
BRDA:129,4,1,0
BRDA:136,5,0,0
BRDA:136,5,1,0
BRF:13
BRH:0
end_of_record
TN:
SF:/home/alan/Cloud/workspaces/HMCTS/rpa-jui-webapp/src/app/shared/components/document-upload/document-upload.component.ts
FN:10,(anonymous_2)
FN:16,DocumentUploadComponent
FN:18,(anonymous_4)
FN:21,(anonymous_5)
FN:26,(anonymous_6)
FN:34,(anonymous_7)
FN:41,(anonymous_8)
FN:42,(anonymous_9)
FN:46,(anonymous_10)
FN:50,(anonymous_11)
FNF:10
FNH:1
FNDA:1,(anonymous_2)
FNDA:0,DocumentUploadComponent
FNDA:0,(anonymous_4)
FNDA:0,(anonymous_5)
FNDA:0,(anonymous_6)
FNDA:0,(anonymous_7)
FNDA:0,(anonymous_8)
FNDA:0,(anonymous_9)
FNDA:0,(anonymous_10)
FNDA:0,(anonymous_11)
DA:1,1
DA:2,1
DA:3,1
DA:10,1
DA:12,1
DA:14,0
DA:16,0
DA:18,1
DA:21,1
DA:22,0
DA:23,0
DA:26,1
DA:27,0
DA:28,0
DA:30,0
DA:34,1
DA:35,0
DA:40,0
DA:41,0
DA:42,0
DA:46,1
DA:47,0
DA:50,1
DA:51,0
DA:55,1
LF:25
LH:12
BRDA:27,0,0,0
BRDA:27,0,1,0
BRF:2
BRH:0
end_of_record
TN:
SF:/home/alan/Cloud/workspaces/HMCTS/rpa-jui-webapp/src/app/shared/components/document-viewer/document-viewer.component.ts
FN:13,(anonymous_2)
FN:28,DocumentViewerComponent
FN:34,(anonymous_4)
FN:38,(anonymous_5)
FN:47,(anonymous_6)
FN:51,(anonymous_7)
FN:57,(anonymous_8)
FN:63,(anonymous_9)
FNF:8
FNH:6
FNDA:1,(anonymous_2)
FNDA:9,DocumentViewerComponent
FNDA:9,(anonymous_4)
FNDA:12,(anonymous_5)
FNDA:11,(anonymous_6)
FNDA:11,(anonymous_7)
FNDA:0,(anonymous_8)
FNDA:0,(anonymous_9)
DA:1,1
DA:2,1
DA:3,1
DA:5,1
DA:6,1
DA:13,1
DA:15,1
DA:16,10
DA:17,1
DA:18,10
DA:19,10
DA:20,1
DA:28,9
DA:29,9
DA:30,9
DA:34,1
DA:38,1
DA:39,12
DA:40,11
DA:42,12
DA:43,1
DA:47,11
DA:48,11
DA:49,0
DA:51,11
DA:52,11
DA:53,11
DA:54,11
DA:56,11
DA:57,11
DA:58,0
DA:60,11
DA:64,0
DA:67,1
LF:34
LH:31
BRDA:39,0,0,11
BRDA:39,0,1,1
BRDA:39,1,0,12
BRDA:39,1,1,1
BRDA:42,2,0,1
BRDA:42,2,1,11
BRDA:42,3,0,12
BRDA:42,3,1,1
BRDA:48,4,0,0
BRDA:48,4,1,11
BRDA:52,5,0,11
BRDA:52,5,1,0
BRDA:52,6,0,11
BRDA:52,6,1,11
BRDA:56,7,0,11
BRDA:56,7,1,0
BRDA:56,8,0,11
BRDA:56,8,1,11
BRF:18
BRH:15
end_of_record
TN:
SF:/home/alan/Cloud/workspaces/HMCTS/rpa-jui-webapp/src/app/shared/components/document-viewer/document-viewer.module.ts
FN:40,(anonymous_1)
FNF:1
FNH:1
FNDA:98,(anonymous_1)
DA:1,1
DA:2,1
DA:3,1
DA:4,1
DA:5,1
DA:6,1
DA:7,1
DA:8,1
DA:9,1
DA:10,1
DA:11,1
DA:12,1
DA:13,1
DA:40,1
DA:41,1
LF:15
LH:15
BRF:0
BRH:0
end_of_record
TN:
SF:/home/alan/Cloud/workspaces/HMCTS/rpa-jui-webapp/src/app/shared/components/document-viewer/document-viewer.service.ts
FN:10,(anonymous_2)
FN:12,DocumentViewerService
FN:17,(anonymous_4)
FN:25,(anonymous_5)
FN:29,(anonymous_6)
FNF:5
FNH:1
FNDA:1,(anonymous_2)
FNDA:0,DocumentViewerService
FNDA:0,(anonymous_4)
FNDA:0,(anonymous_5)
FNDA:0,(anonymous_6)
DA:1,1
DA:2,1
DA:3,1
DA:4,1
DA:5,1
DA:10,1
DA:12,0
DA:13,0
DA:17,1
DA:18,0
DA:19,0
DA:20,0
DA:21,0
DA:23,0
DA:26,0
DA:27,0
DA:30,0
DA:31,0
DA:32,0
DA:35,1
LF:20
LH:8
BRDA:20,0,0,0
BRDA:20,0,1,0
BRF:2
BRH:0
end_of_record
TN:
SF:/home/alan/Cloud/workspaces/HMCTS/rpa-jui-webapp/src/app/shared/components/document-viewer/url-fixer.service.ts
FN:4,(anonymous_1)
FN:5,(anonymous_3)
FNF:2
FNH:2
FNDA:8,(anonymous_1)
FNDA:22,(anonymous_3)
DA:1,1
DA:4,1
DA:5,1
DA:6,22
DA:8,1
LF:5
LH:5
BRF:0
BRH:0
end_of_record
TN:
SF:/home/alan/Cloud/workspaces/HMCTS/rpa-jui-webapp/src/app/shared/components/document-viewer/viewers/viewer-anchor.directive.ts
FN:6,(anonymous_2)
FN:7,ViewerAnchorDirective
FNF:2
FNH:2
FNDA:1,(anonymous_2)
FNDA:9,ViewerAnchorDirective
DA:1,1
DA:6,1
DA:7,9
DA:8,1
LF:4
LH:4
BRF:0
BRH:0
end_of_record
TN:
SF:/home/alan/Cloud/workspaces/HMCTS/rpa-jui-webapp/src/app/shared/components/document-viewer/viewers/viewer-factory.service.ts
FN:11,(anonymous_2)
FN:13,ViewerFactoryService
FN:18,(anonymous_4)
FN:25,(anonymous_5)
FN:29,(anonymous_6)
FN:33,(anonymous_7)
FN:38,(anonymous_8)
FN:55,(anonymous_9)
FN:58,(anonymous_10)
FNF:9
FNH:6
FNDA:1,(anonymous_2)
FNDA:7,ViewerFactoryService
FNDA:11,(anonymous_4)
FNDA:11,(anonymous_5)
FNDA:22,(anonymous_6)
FNDA:0,(anonymous_7)
FNDA:0,(anonymous_8)
FNDA:11,(anonymous_9)
FNDA:0,(anonymous_10)
DA:1,1
DA:2,1
DA:4,1
DA:5,1
DA:6,1
DA:7,1
DA:11,1
DA:13,7
DA:14,7
DA:15,7
DA:18,1
DA:19,11
DA:20,9
DA:22,2
DA:25,1
DA:26,11
DA:29,1
DA:30,22
DA:33,1
DA:34,0
DA:35,0
DA:38,1
DA:41,0
DA:42,0
DA:44,0
DA:45,0
DA:46,0
DA:47,0
DA:48,0
DA:49,0
DA:50,0
DA:52,0
DA:55,11
DA:56,11
DA:57,0
DA:58,0
DA:59,0
DA:62,11
DA:63,0
DA:65,11
DA:66,11
DA:68,11
DA:70,11
DA:71,11
DA:72,11
DA:73,11
DA:77,1
LF:47
LH:31
BRDA:19,0,0,9
BRDA:19,0,1,2
BRDA:56,1,0,0
BRDA:56,1,1,11
BRDA:56,2,0,11
BRDA:56,2,1,0
BRDA:62,3,0,0
BRDA:62,3,1,11
BRDA:62,4,0,11
BRDA:62,4,1,0
BRF:10
BRH:6
end_of_record
TN:
SF:/home/alan/Cloud/workspaces/HMCTS/rpa-jui-webapp/src/app/shared/components/document-viewer/viewers/img-viewer/img-viewer.component.ts
FN:9,(anonymous_2)
FN:17,ImgViewerComponent
FN:19,(anonymous_4)
FN:22,(anonymous_5)
FN:24,(anonymous_6)
FNF:5
FNH:3
FNDA:1,(anonymous_2)
FNDA:9,ImgViewerComponent
FNDA:3,(anonymous_4)
FNDA:0,(anonymous_5)
FNDA:0,(anonymous_6)
DA:1,1
DA:9,1
DA:10,9
DA:11,9
DA:13,1
DA:14,1
DA:15,10
DA:19,1
DA:22,1
DA:24,1
DA:28,1
LF:11
LH:11
BRF:0
BRH:0
end_of_record
TN:
SF:/home/alan/Cloud/workspaces/HMCTS/rpa-jui-webapp/src/app/shared/components/document-viewer/viewers/unsupported-viewer/unsupported-viewer.component.ts
FN:9,(anonymous_2)
FN:18,UnsupportedViewerComponent
FN:20,(anonymous_4)
FN:23,(anonymous_5)
FN:25,(anonymous_6)
FNF:5
FNH:3
FNDA:1,(anonymous_2)
FNDA:3,UnsupportedViewerComponent
FNDA:3,(anonymous_4)
FNDA:0,(anonymous_5)
FNDA:0,(anonymous_6)
DA:1,1
DA:9,1
DA:10,3
DA:11,3
DA:14,1
DA:15,1
DA:16,4
DA:20,1
DA:23,1
DA:25,1
DA:27,1
LF:11
LH:11
BRF:0
BRH:0
end_of_record
TN:
SF:/home/alan/Cloud/workspaces/HMCTS/rpa-jui-webapp/src/app/shared/components/document/case-file/case-file.component.ts
FN:8,(anonymous_2)
FN:16,CaseFileComponent
FN:18,(anonymous_4)
FN:22,(anonymous_5)
FN:26,(anonymous_6)
FNF:5
FNH:1
FNDA:1,(anonymous_2)
FNDA:0,CaseFileComponent
FNDA:0,(anonymous_4)
FNDA:0,(anonymous_5)
FNDA:0,(anonymous_6)
DA:1,1
DA:8,1
DA:10,1
DA:11,1
DA:12,1
DA:13,1
DA:18,1
DA:19,0
DA:22,1
DA:23,0
DA:26,1
DA:27,0
DA:29,1
LF:13
LH:10
BRF:0
BRH:0
end_of_record
TN:
SF:/home/alan/Cloud/workspaces/HMCTS/rpa-jui-webapp/src/app/shared/components/document/case-file-annotation-list/case-file-annotation-list.component.ts
FN:8,(anonymous_2)
FN:10,CaseFileAnnotationListComponent
FN:12,(anonymous_4)
FNF:3
FNH:3
FNDA:1,(anonymous_2)
FNDA:1,CaseFileAnnotationListComponent
FNDA:1,(anonymous_4)
DA:1,1
DA:8,1
DA:12,1
DA:15,1
LF:4
LH:4
BRF:0
BRH:0
end_of_record
TN:
SF:/home/alan/Cloud/workspaces/HMCTS/rpa-jui-webapp/src/app/shared/components/document/case-file-tool-bar/case-file-tool-bar.component.ts
FN:9,(anonymous_2)
FN:21,CaseFileToolBarComponent
FN:23,(anonymous_4)
FN:26,(anonymous_5)
FN:30,(anonymous_6)
FNF:5
FNH:1
FNDA:1,(anonymous_2)
FNDA:0,CaseFileToolBarComponent
FNDA:0,(anonymous_4)
FNDA:0,(anonymous_5)
FNDA:0,(anonymous_6)
DA:1,1
DA:2,1
DA:9,1
DA:11,1
DA:16,1
DA:21,0
DA:23,1
DA:26,1
DA:27,0
DA:30,1
DA:31,0
DA:33,1
LF:12
LH:9
BRF:0
BRH:0
end_of_record
TN:
SF:/home/alan/Cloud/workspaces/HMCTS/rpa-jui-webapp/src/app/shared/components/document/case-file-tree-list/case-file-tree-list.component.ts
FN:8,(anonymous_2)
FN:12,CaseFileTreeListComponent
FN:14,(anonymous_4)
FNF:3
FNH:1
FNDA:1,(anonymous_2)
FNDA:0,CaseFileTreeListComponent
FNDA:0,(anonymous_4)
DA:1,1
DA:8,1
DA:10,1
DA:14,1
DA:17,1
LF:5
LH:5
BRF:0
BRH:0
end_of_record
TN:
SF:/home/alan/Cloud/workspaces/HMCTS/rpa-jui-webapp/src/app/shared/components/document/case-file-viewer/case-file-viewer.component.ts
FN:8,(anonymous_2)
FN:14,CaseFileViewerComponent
FN:16,(anonymous_4)
FNF:3
FNH:1
FNDA:1,(anonymous_2)
FNDA:0,CaseFileViewerComponent
FNDA:0,(anonymous_4)
DA:1,1
DA:8,1
DA:10,1
DA:11,1
DA:12,1
DA:16,1
DA:19,1
LF:7
LH:7
BRF:0
BRH:0
end_of_record
TN:
SF:/home/alan/Cloud/workspaces/HMCTS/rpa-jui-webapp/src/app/shared/components/fieldset/fieldset.component.ts
FN:9,(anonymous_2)
FN:18,FieldsetComponent
FN:20,(anonymous_4)
FN:26,(anonymous_5)
FNF:4
FNH:1
FNDA:1,(anonymous_2)
FNDA:0,FieldsetComponent
FNDA:0,(anonymous_4)
FNDA:0,(anonymous_5)
DA:1,1
DA:9,1
DA:10,1
DA:11,1
DA:12,1
DA:13,1
DA:16,1
DA:20,1
DA:26,1
DA:29,1
LF:10
LH:10
BRF:0
BRH:0
end_of_record
TN:
SF:/home/alan/Cloud/workspaces/HMCTS/rpa-jui-webapp/src/app/shared/components/footer/footer.component.ts
FN:9,(anonymous_1)
FN:4,FooterComponent
FNF:2
FNH:1
FNDA:1,(anonymous_1)
FNDA:0,FooterComponent
DA:1,1
DA:3,1
DA:9,1
DA:10,0
DA:23,0
DA:30,1
LF:6
LH:4
BRF:0
BRH:0
end_of_record
TN:
SF:/home/alan/Cloud/workspaces/HMCTS/rpa-jui-webapp/src/app/shared/components/hint/hint.component.ts
FN:8,(anonymous_2)
FNF:1
FNH:1
FNDA:2,(anonymous_2)
DA:1,1
DA:8,1
DA:9,1
DA:10,1
LF:4
LH:4
BRF:0
BRH:0
end_of_record
TN:
SF:/home/alan/Cloud/workspaces/HMCTS/rpa-jui-webapp/src/app/shared/components/hmcts-annotation-ui-lib/hmcts-annotation-ui.module.ts
FN:49,(anonymous_1)
FNF:1
FNH:1
FNDA:98,(anonymous_1)
DA:1,1
DA:2,1
DA:3,1
DA:4,1
DA:5,1
DA:6,1
DA:7,1
DA:8,1
DA:9,1
DA:10,1
DA:11,1
DA:12,1
DA:13,1
DA:14,1
DA:15,1
DA:16,1
DA:17,1
DA:49,1
LF:18
LH:18
BRF:0
BRH:0
end_of_record
TN:
SF:/home/alan/Cloud/workspaces/HMCTS/rpa-jui-webapp/src/app/shared/components/hmcts-annotation-ui-lib/components/annotation-pdf-viewer/annotation-pdf-viewer.component.ts
FN:20,(anonymous_2)
FN:39,AnnotationPdfViewerComponent
FN:49,(anonymous_4)
FN:62,(anonymous_5)
FN:64,(anonymous_6)
FN:67,(anonymous_7)
FN:71,(anonymous_8)
FN:80,(anonymous_9)
FN:90,(anonymous_10)
FN:104,(anonymous_11)
FN:112,(anonymous_12)
FN:116,(anonymous_13)
FN:124,(anonymous_14)
FN:126,(anonymous_15)
FNF:14
FNH:10
FNDA:1,(anonymous_2)
FNDA:13,AnnotationPdfViewerComponent
FNDA:14,(anonymous_4)
FNDA:1,(anonymous_5)
FNDA:14,(anonymous_6)
FNDA:0,(anonymous_7)
FNDA:15,(anonymous_8)
FNDA:16,(anonymous_9)
FNDA:3,(anonymous_10)
FNDA:3,(anonymous_11)
FNDA:0,(anonymous_12)
FNDA:0,(anonymous_13)
FNDA:15,(anonymous_14)
FNDA:0,(anonymous_15)
DA:1,1
DA:2,1
DA:4,1
DA:5,1
DA:6,1
DA:7,1
DA:8,1
DA:9,1
DA:10,1
DA:11,1
DA:20,1
DA:22,1
DA:23,1
DA:24,1
DA:25,1
DA:26,1
DA:27,1
DA:33,1
DA:34,1
DA:35,1
DA:36,1
DA:37,1
DA:39,13
DA:40,13
DA:41,13
DA:42,13
DA:43,13
DA:44,13
DA:45,13
DA:46,13
DA:49,14
DA:50,14
DA:51,14
DA:52,14
DA:59,14
DA:60,14
DA:61,14
DA:62,1
DA:63,14
DA:64,14
DA:67,1
DA:68,0
DA:71,1
DA:72,15
DA:73,15
DA:75,15
DA:76,15
DA:80,1
DA:81,16
DA:82,15
DA:83,15
DA:84,15
DA:86,1
DA:90,1
DA:91,3
DA:92,3
DA:93,1
DA:94,1
DA:96,3
DA:98,3
DA:99,1
DA:104,1
DA:105,3
DA:107,3
DA:108,3
DA:112,1
DA:113,0
DA:114,0
DA:115,0
DA:117,0
DA:118,0
DA:119,0
DA:124,15
DA:125,15
DA:127,0
DA:128,0
DA:130,0
DA:133,15
DA:134,15
DA:138,1
LF:80
LH:70
BRDA:56,0,0,14
BRDA:56,0,1,14
BRDA:72,1,0,15
BRDA:72,1,1,0
BRDA:75,2,0,15
BRDA:75,2,1,0
BRDA:81,3,0,15
BRDA:81,3,1,1
BRDA:91,4,0,3
BRDA:91,4,1,0
BRDA:92,5,0,1
BRDA:92,5,1,2
BRDA:98,6,0,1
BRDA:98,6,1,2
BRDA:113,7,0,0
BRDA:113,7,1,0
BRDA:127,8,0,0
BRDA:127,8,1,0
BRDA:133,9,0,15
BRDA:133,9,1,0
BRF:20
BRH:12
end_of_record
TN:
SF:/home/alan/Cloud/workspaces/HMCTS/rpa-jui-webapp/src/app/shared/components/hmcts-annotation-ui-lib/components/comments/comments.component.ts
FN:15,(anonymous_2)
FN:23,CommentsComponent
FN:28,(anonymous_4)
FN:30,(anonymous_5)
FN:38,(anonymous_6)
FN:39,(anonymous_7)
FN:41,(anonymous_8)
FN:47,(anonymous_9)
FN:48,(anonymous_10)
FN:49,(anonymous_11)
FN:59,(anonymous_12)
FN:70,(anonymous_13)
FN:79,(anonymous_14)
FN:81,(anonymous_15)
FN:86,(anonymous_16)
FN:91,(anonymous_17)
FN:97,(anonymous_18)
FN:101,(anonymous_19)
FN:104,(anonymous_20)
FNF:19
FNH:15
FNDA:1,(anonymous_2)
FNDA:24,CommentsComponent
FNDA:25,(anonymous_4)
FNDA:25,(anonymous_5)
FNDA:1,(anonymous_6)
FNDA:1,(anonymous_7)
FNDA:0,(anonymous_8)
FNDA:2,(anonymous_9)
FNDA:0,(anonymous_10)
FNDA:0,(anonymous_11)
FNDA:2,(anonymous_12)
FNDA:26,(anonymous_13)
FNDA:25,(anonymous_14)
FNDA:12,(anonymous_15)
FNDA:24,(anonymous_16)
FNDA:0,(anonymous_17)
FNDA:1,(anonymous_18)
FNDA:1,(anonymous_19)
FNDA:1,(anonymous_20)
DA:1,1
DA:3,1
DA:4,1
DA:7,1
DA:15,1
DA:21,1
DA:23,24
DA:24,24
DA:25,24
DA:28,25
DA:29,25
DA:31,25
DA:32,25
DA:33,25
DA:38,1
DA:39,1
DA:41,1
DA:42,0
DA:47,2
DA:48,2
DA:50,0
DA:51,0
DA:53,0
DA:54,0
DA:55,0
DA:59,1
DA:60,2
DA:61,2
DA:62,1
DA:63,1
DA:64,1
DA:67,2
DA:70,1
DA:71,26
DA:72,26
DA:74,26
DA:75,26
DA:79,25
DA:80,25
DA:82,12
DA:86,24
DA:88,24
DA:89,24
DA:90,0
DA:92,0
DA:97,1
DA:98,1
DA:101,1
DA:102,1
DA:103,1
DA:105,1
DA:106,1
DA:107,1
DA:110,1
LF:54
LH:46
BRDA:31,0,0,25
BRDA:31,0,1,0
BRDA:50,1,0,0
BRDA:50,1,1,0
BRDA:53,2,0,0
BRDA:53,2,1,0
BRDA:54,3,0,0
BRDA:54,3,1,0
BRDA:61,4,0,1
BRDA:61,4,1,1
BRDA:63,5,0,1
BRDA:63,5,1,0
BRDA:71,6,0,26
BRDA:71,6,1,0
BRDA:74,7,0,26
BRDA:74,7,1,0
BRF:16
BRH:6
end_of_record
TN:
SF:/home/alan/Cloud/workspaces/HMCTS/rpa-jui-webapp/src/app/shared/components/hmcts-annotation-ui-lib/components/comments/comment-item/comment-item.component.ts
FN:13,(anonymous_2)
FN:38,CommentItemComponent
FN:44,(anonymous_4)
FN:50,(anonymous_5)
FN:63,(anonymous_6)
FN:68,(anonymous_7)
FN:78,(anonymous_8)
FN:86,(anonymous_9)
FN:91,(anonymous_10)
FN:103,(anonymous_11)
FN:109,(anonymous_12)
FN:121,(anonymous_13)
FN:128,(anonymous_14)
FN:142,(anonymous_15)
FN:146,(anonymous_16)
FN:153,(anonymous_17)
FN:157,(anonymous_18)
FN:162,(anonymous_19)
FN:169,(anonymous_20)
FN:174,(anonymous_21)
FN:182,(anonymous_22)
FN:186,(anonymous_23)
FN:190,(anonymous_24)
FN:194,(anonymous_25)
FN:204,(anonymous_26)
FN:211,(anonymous_27)
FNF:26
FNH:24
FNDA:1,(anonymous_2)
FNDA:20,CommentItemComponent
FNDA:21,(anonymous_4)
FNDA:21,(anonymous_5)
FNDA:3,(anonymous_6)
FNDA:21,(anonymous_7)
FNDA:38,(anonymous_8)
FNDA:13,(anonymous_9)
FNDA:18,(anonymous_10)
FNDA:1,(anonymous_11)
FNDA:4,(anonymous_12)
FNDA:22,(anonymous_13)
FNDA:2,(anonymous_14)
FNDA:1,(anonymous_15)
FNDA:1,(anonymous_16)
FNDA:2,(anonymous_17)
FNDA:2,(anonymous_18)
FNDA:3,(anonymous_19)
FNDA:3,(anonymous_20)
FNDA:3,(anonymous_21)
FNDA:3,(anonymous_22)
FNDA:3,(anonymous_23)
FNDA:0,(anonymous_24)
FNDA:3,(anonymous_25)
FNDA:5,(anonymous_26)
FNDA:0,(anonymous_27)
DA:1,1
DA:2,1
DA:4,1
DA:5,1
DA:6,1
DA:13,1
DA:22,1
DA:23,1
DA:25,21
DA:26,21
DA:27,1
DA:28,1
DA:29,1
DA:30,1
DA:32,20
DA:38,20
DA:39,20
DA:40,20
DA:41,20
DA:44,21
DA:45,21
DA:46,21
DA:47,21
DA:49,21
DA:51,21
DA:52,0
DA:53,0
DA:54,0
DA:55,0
DA:56,0
DA:58,21
DA:62,21
DA:64,3
DA:67,21
DA:69,21
DA:70,0
DA:71,0
DA:72,0
DA:73,0
DA:77,21
DA:79,38
DA:80,3
DA:86,1
DA:87,13
DA:88,13
DA:91,1
DA:92,18
DA:93,18
DA:95,18
DA:96,18
DA:98,18
DA:99,18
DA:103,1
DA:104,1
DA:105,1
DA:106,1
DA:109,1
DA:110,4
DA:111,1
DA:112,3
DA:113,1
DA:114,2
DA:115,1
DA:117,1
DA:121,1
DA:122,22
DA:123,22
DA:125,22
DA:128,1
DA:129,2
DA:142,1
DA:143,1
DA:146,1
DA:147,1
DA:148,1
DA:149,1
DA:150,1
DA:153,2
DA:154,2
DA:155,2
DA:156,2
DA:157,2
DA:158,2
DA:162,3
DA:163,3
DA:164,0
DA:166,3
DA:167,3
DA:168,3
DA:169,3
DA:170,3
DA:174,1
DA:175,3
DA:176,3
DA:178,3
DA:179,3
DA:182,1
DA:183,3
DA:186,1
DA:187,3
DA:190,1
DA:191,0
DA:194,1
DA:195,3
DA:196,0
DA:197,0
DA:199,0
DA:204,1
DA:205,5
DA:206,5
DA:207,5
DA:208,5
DA:211,1
DA:212,0
DA:214,0
DA:215,0
DA:217,0
DA:218,0
DA:220,0
DA:221,0
DA:224,1
LF:121
LH:100
BRDA:51,0,0,0
BRDA:51,0,1,21
BRDA:64,1,0,1
BRDA:64,1,1,2
BRDA:69,2,0,0
BRDA:69,2,1,21
BRDA:79,3,0,3
BRDA:79,3,1,35
BRDA:92,4,0,18
BRDA:92,4,1,0
BRDA:95,5,0,18
BRDA:95,5,1,0
BRDA:98,6,0,18
BRDA:98,6,1,0
BRDA:110,7,0,1
BRDA:110,7,1,3
BRDA:112,8,0,1
BRDA:112,8,1,2
BRDA:114,9,0,1
BRDA:114,9,1,1
BRDA:122,10,0,22
BRDA:122,10,1,0
BRDA:163,11,0,0
BRDA:163,11,1,3
BRDA:175,12,0,3
BRDA:175,12,1,0
BRDA:187,13,0,3
BRDA:187,13,1,3
BRDA:195,14,0,0
BRDA:195,14,1,3
BRDA:196,15,0,0
BRDA:196,15,1,0
BRDA:214,16,0,0
BRDA:214,16,1,0
BRF:34
BRH:21
end_of_record
TN:
SF:/home/alan/Cloud/workspaces/HMCTS/rpa-jui-webapp/src/app/shared/components/hmcts-annotation-ui-lib/components/contextual-toolbar/contextual-toolbar.component.ts
FN:12,(anonymous_2)
FN:20,ContextualToolbarComponent
FN:29,(anonymous_4)
FN:31,(anonymous_5)
FN:41,(anonymous_6)
FN:48,(anonymous_7)
FN:60,(anonymous_8)
FN:79,(anonymous_9)
FN:89,(anonymous_10)
FN:93,(anonymous_11)
FN:100,(anonymous_12)
FN:104,(anonymous_13)
FN:106,(anonymous_14)
FN:110,(anonymous_15)
FNF:14
FNH:14
FNDA:1,(anonymous_2)
FNDA:11,ContextualToolbarComponent
FNDA:11,(anonymous_4)
FNDA:11,(anonymous_5)
FNDA:11,(anonymous_6)
FNDA:3,(anonymous_7)
FNDA:4,(anonymous_8)
FNDA:16,(anonymous_9)
FNDA:1,(anonymous_10)
FNDA:1,(anonymous_11)
FNDA:1,(anonymous_12)
FNDA:1,(anonymous_13)
FNDA:1,(anonymous_14)
FNDA:1,(anonymous_15)
DA:1,1
DA:3,1
DA:4,1
DA:5,1
DA:12,1
DA:20,11
DA:21,11
DA:22,11
DA:23,11
DA:29,11
DA:30,11
DA:32,11
DA:33,0
DA:35,11
DA:38,11
DA:41,1
DA:42,11
DA:43,11
DA:44,11
DA:48,1
DA:49,3
DA:50,3
DA:52,3
DA:53,3
DA:55,3
DA:56,3
DA:60,1
DA:61,4
DA:63,4
DA:65,4
DA:66,4
DA:68,4
DA:70,4
DA:73,4
DA:79,1
DA:80,16
DA:81,16
DA:82,16
DA:84,16
DA:85,15
DA:89,1
DA:90,1
DA:91,1
DA:93,1
DA:94,1
DA:95,1
DA:96,1
DA:100,1
DA:101,1
DA:104,1
DA:105,1
DA:106,1
DA:107,1
DA:110,1
DA:111,1
DA:113,1
LF:56
LH:55
BRDA:32,0,0,0
BRDA:32,0,1,11
BRDA:43,1,0,11
BRDA:43,1,1,0
BRDA:55,2,0,3
BRDA:55,2,1,0
BRDA:84,3,0,15
BRDA:84,3,1,1
BRDA:90,4,0,1
BRDA:90,4,1,0
BRF:10
BRH:6
end_of_record
TN:
SF:/home/alan/Cloud/workspaces/HMCTS/rpa-jui-webapp/src/app/shared/components/hmcts-annotation-ui-lib/data/annotation-set.model.ts
FN:13,(anonymous_0)
FN:14,Comment
FN:42,(anonymous_2)
FN:43,Rectangle
FN:76,(anonymous_4)
FN:77,Annotation
FN:95,(anonymous_6)
FN:96,IdamDetails
FN:115,(anonymous_8)
FN:116,AnnotationSet
FNF:10
FNH:9
FNDA:1,(anonymous_0)
FNDA:35,Comment
FNDA:1,(anonymous_2)
FNDA:9,Rectangle
FNDA:1,(anonymous_4)
FNDA:65,Annotation
FNDA:1,(anonymous_6)
FNDA:0,IdamDetails
FNDA:1,(anonymous_8)
FNDA:17,AnnotationSet
DA:13,1
DA:15,35
DA:16,35
DA:17,35
DA:18,35
DA:19,35
DA:20,35
DA:21,35
DA:22,35
DA:23,35
DA:25,1
DA:42,1
DA:44,9
DA:45,9
DA:46,9
DA:47,9
DA:48,9
DA:49,9
DA:50,9
DA:51,9
DA:52,9
DA:53,9
DA:54,9
DA:55,9
DA:57,1
DA:76,1
DA:78,65
DA:79,65
DA:80,65
DA:81,65
DA:82,65
DA:83,65
DA:84,65
DA:85,65
DA:86,65
DA:87,65
DA:88,65
DA:89,65
DA:90,65
DA:91,65
DA:93,1
DA:95,1
DA:97,0
DA:98,0
DA:99,0
DA:101,1
DA:115,1
DA:117,17
DA:118,17
DA:119,17
DA:120,17
DA:121,17
DA:122,17
DA:123,17
DA:124,17
DA:125,17
DA:127,1
LF:57
LH:54
BRF:0
BRH:0
end_of_record
TN:
SF:/home/alan/Cloud/workspaces/HMCTS/rpa-jui-webapp/src/app/shared/components/hmcts-annotation-ui-lib/data/annotation-store.service.ts
FN:13,(anonymous_2)
FN:21,AnnotationStoreService
FN:34,(anonymous_4)
FN:37,(anonymous_5)
FN:41,(anonymous_6)
FN:45,(anonymous_7)
FN:49,(anonymous_8)
FN:53,(anonymous_9)
FN:57,(anonymous_10)
FN:61,(anonymous_11)
FN:70,(anonymous_12)
FN:74,(anonymous_13)
FN:85,(anonymous_14)
FN:114,(anonymous_15)
FN:116,(anonymous_16)
FN:137,(anonymous_17)
FN:147,(anonymous_18)
FN:147,(anonymous_19)
FN:149,(anonymous_20)
FN:151,(anonymous_21)
FN:152,(anonymous_22)
FN:156,(anonymous_23)
FN:158,(anonymous_24)
FN:159,(anonymous_25)
FN:168,(anonymous_26)
FN:170,(anonymous_27)
FN:176,(anonymous_28)
FN:180,(anonymous_29)
FN:182,(anonymous_30)
FN:185,(anonymous_31)
FN:189,(anonymous_32)
FN:197,(anonymous_33)
FN:201,(anonymous_34)
FN:202,(anonymous_35)
FN:205,(anonymous_36)
FN:211,(anonymous_37)
FN:212,(anonymous_38)
FN:215,(anonymous_39)
FN:221,(anonymous_40)
FN:222,(anonymous_41)
FN:225,(anonymous_42)
FN:231,(anonymous_43)
FN:237,(anonymous_44)
FN:243,(anonymous_45)
FN:249,(anonymous_46)
FN:255,(anonymous_47)
FN:261,(anonymous_48)
FN:264,(anonymous_49)
FN:269,(anonymous_50)
FNF:49
FNH:20
FNDA:1,(anonymous_2)
FNDA:34,AnnotationStoreService
FNDA:27,(anonymous_4)
FNDA:2,(anonymous_5)
FNDA:1,(anonymous_6)
FNDA:1,(anonymous_7)
FNDA:0,(anonymous_8)
FNDA:1,(anonymous_9)
FNDA:1,(anonymous_10)
FNDA:2,(anonymous_11)
FNDA:4,(anonymous_12)
FNDA:0,(anonymous_13)
FNDA:33,(anonymous_14)
FNDA:1,(anonymous_15)
FNDA:0,(anonymous_16)
FNDA:0,(anonymous_17)
FNDA:0,(anonymous_18)
FNDA:0,(anonymous_19)
FNDA:0,(anonymous_20)
FNDA:0,(anonymous_21)
FNDA:0,(anonymous_22)
FNDA:0,(anonymous_23)
FNDA:0,(anonymous_24)
FNDA:0,(anonymous_25)
FNDA:7,(anonymous_26)
FNDA:6,(anonymous_27)
FNDA:1,(anonymous_28)
FNDA:3,(anonymous_29)
FNDA:2,(anonymous_30)
FNDA:1,(anonymous_31)
FNDA:0,(anonymous_32)
FNDA:1,(anonymous_33)
FNDA:0,(anonymous_34)
FNDA:0,(anonymous_35)
FNDA:0,(anonymous_36)
FNDA:0,(anonymous_37)
FNDA:0,(anonymous_38)
FNDA:0,(anonymous_39)
FNDA:0,(anonymous_40)
FNDA:0,(anonymous_41)
FNDA:0,(anonymous_42)
FNDA:0,(anonymous_43)
FNDA:0,(anonymous_44)
FNDA:0,(anonymous_45)
FNDA:0,(anonymous_46)
FNDA:0,(anonymous_47)
FNDA:0,(anonymous_48)
FNDA:0,(anonymous_49)
FNDA:1,(anonymous_50)
DA:1,1
DA:2,1
DA:3,1
DA:4,1
DA:5,1
DA:6,1
DA:7,1
DA:8,1
DA:9,1
DA:10,1
DA:13,1
DA:21,34
DA:22,34
DA:23,34
DA:24,34
DA:26,34
DA:27,34
DA:30,34
DA:32,34
DA:34,34
DA:37,1
DA:38,2
DA:41,1
DA:42,1
DA:45,1
DA:46,1
DA:49,1
DA:50,0
DA:53,1
DA:54,1
DA:57,1
DA:58,1
DA:61,1
DA:62,2
DA:67,2
DA:70,1
DA:71,4
DA:74,1
DA:75,0
DA:76,0
DA:77,0
DA:78,0
DA:80,0
DA:81,0
DA:85,1
DA:86,33
DA:88,1
DA:89,1
DA:92,1
DA:93,1
DA:96,1
DA:97,1
DA:100,1
DA:101,1
DA:104,1
DA:105,1
DA:108,1
DA:109,1
DA:114,1
DA:115,1
DA:117,0
DA:118,0
DA:120,0
DA:123,0
DA:127,0
DA:130,0
DA:137,1
DA:142,0
DA:144,0
DA:146,0
DA:147,0
DA:149,0
DA:150,0
DA:151,0
DA:152,0
DA:156,0
DA:157,0
DA:158,0
DA:159,0
DA:163,0
DA:164,0
DA:165,0
DA:168,1
DA:169,7
DA:171,6
DA:176,1
DA:180,1
DA:181,3
DA:183,2
DA:185,1
DA:189,1
DA:190,0
DA:191,0
DA:192,0
DA:193,0
DA:197,1
DA:198,1
DA:201,1
DA:202,0
DA:203,0
DA:206,0
DA:211,1
DA:212,0
DA:213,0
DA:216,0
DA:221,1
DA:222,0
DA:223,0
DA:226,0
DA:231,1
DA:232,0
DA:237,1
DA:238,0
DA:243,1
DA:244,0
DA:249,1
DA:250,0
DA:255,1
DA:256,0
DA:261,1
DA:262,0
DA:265,0
DA:269,1
DA:270,1
DA:271,1
DA:274,1
LF:126
LH:78
BRDA:75,0,0,0
BRDA:75,0,1,0
BRDA:87,1,0,1
BRDA:87,1,1,1
BRDA:87,1,2,1
BRDA:87,1,3,1
BRDA:87,1,4,1
BRDA:87,1,5,1
BRDA:117,2,0,0
BRDA:117,2,1,0
BRDA:119,3,0,0
BRDA:119,3,1,0
BRDA:119,3,2,0
BRDA:190,4,0,0
BRDA:190,4,1,0
BRDA:270,5,0,1
BRDA:270,5,1,0
BRF:17
BRH:7
end_of_record
TN:
SF:/home/alan/Cloud/workspaces/HMCTS/rpa-jui-webapp/src/app/shared/components/hmcts-annotation-ui-lib/data/api-http.service.ts
FN:11,(anonymous_4)
FN:14,ApiHttpService
FN:19,(anonymous_6)
FN:23,(anonymous_7)
FN:27,(anonymous_8)
FN:32,(anonymous_9)
FN:42,(anonymous_10)
FN:51,(anonymous_11)
FN:60,(anonymous_12)
FN:65,(anonymous_13)
FNF:10
FNH:10
FNDA:1,(anonymous_4)
FNDA:14,ApiHttpService
FNDA:4,(anonymous_6)
FNDA:1,(anonymous_7)
FNDA:1,(anonymous_8)
FNDA:1,(anonymous_9)
FNDA:1,(anonymous_10)
FNDA:1,(anonymous_11)
FNDA:1,(anonymous_12)
FNDA:1,(anonymous_13)
DA:1,1
DA:2,1
DA:3,1
DA:4,1
DA:5,1
DA:6,1
DA:11,1
DA:14,14
DA:15,14
DA:16,14
DA:19,1
DA:20,4
DA:23,1
DA:24,1
DA:27,1
DA:28,1
DA:32,1
DA:33,1
DA:34,1
DA:35,0
DA:36,0
DA:37,0
DA:39,1
DA:40,1
DA:43,1
DA:44,0
DA:51,1
DA:52,1
DA:53,1
DA:57,1
DA:60,1
DA:61,1
DA:62,1
DA:65,1
DA:66,1
DA:67,1
DA:69,1
LF:37
LH:33
BRDA:34,0,0,0
BRDA:34,0,1,1
BRDA:43,1,0,0
BRDA:43,1,1,1
BRF:4
BRH:2
end_of_record
TN:
SF:/home/alan/Cloud/workspaces/HMCTS/rpa-jui-webapp/src/app/shared/components/hmcts-annotation-ui-lib/data/document-task.model.ts
FN:13,(anonymous_0)
FN:15,DocumentTask
FNF:2
FNH:2
FNDA:1,(anonymous_0)
FNDA:1,DocumentTask
DA:13,1
DA:16,1
DA:17,1
DA:18,1
DA:19,1
DA:20,1
DA:21,1
DA:22,1
DA:23,1
DA:24,1
DA:26,1
LF:11
LH:11
BRF:0
BRH:0
end_of_record
TN:
SF:/home/alan/Cloud/workspaces/HMCTS/rpa-jui-webapp/src/app/shared/components/hmcts-annotation-ui-lib/data/npa.service.ts
FN:8,(anonymous_2)
FN:13,NpaService
FN:18,(anonymous_4)
FNF:3
FNH:3
FNDA:1,(anonymous_2)
FNDA:2,NpaService
FNDA:1,(anonymous_4)
DA:2,1
DA:3,1
DA:5,1
DA:8,1
DA:13,2
DA:14,2
DA:15,2
DA:18,1
DA:19,1
DA:21,1
LF:10
LH:10
BRF:0
BRH:0
end_of_record
TN:
SF:/home/alan/Cloud/workspaces/HMCTS/rpa-jui-webapp/src/app/shared/components/hmcts-annotation-ui-lib/data/pdf-adapter.ts
FN:9,(anonymous_4)
FN:16,PdfAdapter
FN:21,(anonymous_6)
FN:25,(anonymous_7)
FN:29,(anonymous_8)
FN:30,(anonymous_9)
FN:37,(anonymous_10)
FN:38,(anonymous_11)
FN:40,(anonymous_12)
FN:41,(anonymous_13)
FN:48,(anonymous_14)
FN:52,(anonymous_15)
FN:56,(anonymous_16)
FN:60,(anonymous_17)
FN:71,(anonymous_18)
FN:75,(anonymous_19)
FN:76,(anonymous_20)
FN:77,(anonymous_21)
FN:78,(anonymous_22)
FN:89,(anonymous_23)
FN:90,(anonymous_24)
FN:91,(anonymous_25)
FN:97,(anonymous_26)
FN:98,(anonymous_27)
FN:99,(anonymous_28)
FN:106,(anonymous_29)
FN:107,(anonymous_30)
FN:122,(anonymous_31)
FN:135,(anonymous_32)
FN:136,(anonymous_33)
FN:144,(anonymous_34)
FN:145,(anonymous_35)
FN:170,(anonymous_36)
FN:171,(anonymous_37)
FN:187,(anonymous_38)
FN:188,(anonymous_39)
FN:206,(anonymous_40)
FN:207,(anonymous_41)
FN:210,(anonymous_42)
FN:211,(anonymous_43)
FNF:40
FNH:39
FNDA:1,(anonymous_4)
FNDA:37,PdfAdapter
FNDA:14,(anonymous_6)
FNDA:4,(anonymous_7)
FNDA:4,(anonymous_8)
FNDA:5,(anonymous_9)
FNDA:2,(anonymous_10)
FNDA:2,(anonymous_11)
FNDA:3,(anonymous_12)
FNDA:2,(anonymous_13)
FNDA:3,(anonymous_14)
FNDA:7,(anonymous_15)
FNDA:3,(anonymous_16)
FNDA:4,(anonymous_17)
FNDA:7,(anonymous_18)
FNDA:14,(anonymous_19)
FNDA:2,(anonymous_20)
FNDA:2,(anonymous_21)
FNDA:2,(anonymous_22)
FNDA:2,(anonymous_23)
FNDA:2,(anonymous_24)
FNDA:2,(anonymous_25)
FNDA:2,(anonymous_26)
FNDA:2,(anonymous_27)
FNDA:2,(anonymous_28)
FNDA:2,(anonymous_29)
FNDA:2,(anonymous_30)
FNDA:0,(anonymous_31)
FNDA:1,(anonymous_32)
FNDA:1,(anonymous_33)
FNDA:2,(anonymous_34)
FNDA:2,(anonymous_35)
FNDA:2,(anonymous_36)
FNDA:2,(anonymous_37)
FNDA:1,(anonymous_38)
FNDA:1,(anonymous_39)
FNDA:8,(anonymous_40)
FNDA:8,(anonymous_41)
FNDA:5,(anonymous_42)
FNDA:5,(anonymous_43)
DA:1,1
DA:2,1
DA:3,1
DA:4,1
DA:5,1
DA:6,1
DA:9,1
DA:16,37
DA:17,37
DA:18,37
DA:21,1
DA:22,14
DA:25,4
DA:26,4
DA:27,4
DA:28,4
DA:29,4
DA:30,4
DA:31,5
DA:34,4
DA:37,2
DA:38,2
DA:39,2
DA:40,3
DA:42,2
DA:43,2
DA:48,1
DA:49,3
DA:52,1
DA:53,7
DA:56,1
DA:57,3
DA:60,1
DA:61,4
DA:62,4
DA:63,2
DA:64,2
DA:65,0
DA:66,0
DA:71,1
DA:72,7
DA:75,14
DA:76,14
DA:77,2
DA:78,2
DA:79,2
DA:81,2
DA:89,14
DA:90,2
DA:91,2
DA:92,2
DA:97,14
DA:98,2
DA:99,2
DA:100,2
DA:102,2
DA:106,14
DA:107,2
DA:109,2
DA:110,2
DA:111,2
DA:112,2
DA:113,2
DA:114,2
DA:115,2
DA:116,2
DA:118,2
DA:119,2
DA:121,2
DA:123,0
DA:126,2
DA:128,2
DA:129,2
DA:130,2
DA:131,2
DA:135,14
DA:136,1
DA:137,1
DA:138,1
DA:139,1
DA:140,1
DA:144,14
DA:145,2
DA:146,2
DA:157,2
DA:158,2
DA:159,2
DA:161,2
DA:162,0
DA:164,2
DA:165,2
DA:170,14
DA:171,2
DA:172,2
DA:173,2
DA:174,2
DA:175,2
DA:177,2
DA:178,2
DA:180,0
DA:181,0
DA:187,14
DA:188,1
DA:189,1
DA:190,1
DA:194,14
DA:206,1
DA:207,8
DA:210,1
DA:211,5
DA:213,1
LF:111
LH:105
BRDA:53,0,0,7
BRDA:53,0,1,1
BRDA:57,1,0,3
BRDA:57,1,1,0
BRDA:62,2,0,2
BRDA:62,2,1,2
BRDA:63,3,0,2
BRDA:63,3,1,0
BRDA:65,4,0,0
BRDA:65,4,1,0
BRDA:72,5,0,7
BRDA:72,5,1,6
BRDA:161,6,0,0
BRDA:161,6,1,2
BRDA:177,7,0,2
BRDA:177,7,1,0
BRF:16
BRH:10
end_of_record
TN:
SF:/home/alan/Cloud/workspaces/HMCTS/rpa-jui-webapp/src/app/shared/components/hmcts-annotation-ui-lib/data/pdf.service.ts
FN:7,(anonymous_2)
FN:16,PdfService
FN:21,(anonymous_4)
FN:26,(anonymous_5)
FN:30,(anonymous_6)
FN:34,(anonymous_7)
FN:38,(anonymous_8)
FN:42,(anonymous_9)
FN:46,(anonymous_10)
FN:50,(anonymous_11)
FN:54,(anonymous_12)
FN:58,(anonymous_13)
FN:62,(anonymous_14)
FN:66,(anonymous_15)
FN:72,(anonymous_16)
FN:77,(anonymous_17)
FN:82,(anonymous_19)
FN:83,(anonymous_20)
FN:93,(anonymous_21)
FN:101,(anonymous_22)
FN:105,(anonymous_23)
FNF:21
FNH:9
FNDA:1,(anonymous_2)
FNDA:14,PdfService
FNDA:1,(anonymous_4)
FNDA:0,(anonymous_5)
FNDA:0,(anonymous_6)
FNDA:0,(anonymous_7)
FNDA:0,(anonymous_8)
FNDA:0,(anonymous_9)
FNDA:0,(anonymous_10)
FNDA:2,(anonymous_11)
FNDA:1,(anonymous_12)
FNDA:1,(anonymous_13)
FNDA:2,(anonymous_14)
FNDA:0,(anonymous_15)
FNDA:0,(anonymous_16)
FNDA:0,(anonymous_17)
FNDA:0,(anonymous_19)
FNDA:0,(anonymous_20)
FNDA:0,(anonymous_21)
FNDA:1,(anonymous_22)
FNDA:1,(anonymous_23)
DA:1,1
DA:2,1
DA:3,1
DA:4,1
DA:7,1
DA:16,14
DA:17,14
DA:18,14
DA:21,1
DA:22,1
DA:23,1
DA:26,1
DA:27,0
DA:30,1
DA:31,0
DA:34,1
DA:35,0
DA:38,1
DA:39,0
DA:42,1
DA:43,0
DA:46,1
DA:47,0
DA:50,1
DA:51,2
DA:54,1
DA:55,1
DA:58,1
DA:59,1
DA:62,1
DA:63,2
DA:66,1
DA:67,0
DA:68,0
DA:71,0
DA:73,0
DA:74,0
DA:75,0
DA:76,0
DA:77,0
DA:78,0
DA:79,0
DA:80,0
DA:81,0
DA:82,0
DA:83,0
DA:84,0
DA:85,0
DA:91,0
DA:94,0
DA:96,0
DA:101,1
DA:102,1
DA:105,1
DA:106,1
DA:108,1
LF:56
LH:31
BRDA:67,0,0,0
BRDA:67,0,1,0
BRDA:84,1,0,0
BRDA:84,1,1,0
BRF:4
BRH:0
end_of_record
TN:
SF:/home/alan/Cloud/workspaces/HMCTS/rpa-jui-webapp/src/app/shared/components/hmcts-annotation-ui-lib/data/utils.ts
FN:3,(anonymous_0)
FN:5,(anonymous_2)
FN:25,(anonymous_3)
FN:33,(anonymous_4)
FN:34,(anonymous_5)
FN:42,(anonymous_6)
FN:44,(anonymous_7)
FN:53,(anonymous_8)
FN:55,(anonymous_9)
FN:64,(anonymous_10)
FN:68,(anonymous_11)
FN:74,(anonymous_12)
FN:76,(anonymous_13)
FN:88,(anonymous_14)
FNF:14
FNH:13
FNDA:9,(anonymous_0)
FNDA:6,(anonymous_2)
FNDA:2,(anonymous_3)
FNDA:4,(anonymous_4)
FNDA:4,(anonymous_5)
FNDA:14,(anonymous_6)
FNDA:36,(anonymous_7)
FNDA:16,(anonymous_8)
FNDA:28,(anonymous_9)
FNDA:2,(anonymous_10)
FNDA:2,(anonymous_11)
FNDA:6,(anonymous_12)
FNDA:1,(anonymous_13)
FNDA:0,(anonymous_14)
DA:3,1
DA:5,1
DA:7,6
DA:8,6
DA:9,6
DA:11,6
DA:12,6
DA:13,6
DA:14,6
DA:16,6
DA:22,6
DA:25,1
DA:27,2
DA:28,2
DA:29,2
DA:30,2
DA:32,2
DA:33,4
DA:34,4
DA:35,1
DA:36,1
DA:38,1
DA:42,1
DA:43,14
DA:45,36
DA:46,36
DA:47,36
DA:48,16
DA:49,0
DA:53,1
DA:54,16
DA:56,28
DA:57,28
DA:58,28
DA:59,9
DA:60,0
DA:64,1
DA:65,2
DA:68,1
DA:69,2
DA:70,2
DA:71,2
DA:74,6
DA:76,1
DA:77,1
DA:78,1
DA:79,1
DA:80,1
DA:81,0
DA:82,0
DA:84,0
DA:88,1
DA:89,0
DA:90,0
DA:91,0
DA:92,0
DA:93,0
DA:94,0
DA:96,0
DA:100,1
LF:60
LH:48
BRDA:32,0,0,1
BRDA:32,0,1,1
BRDA:47,1,0,20
BRDA:47,1,1,16
BRDA:47,2,0,14
BRDA:47,2,1,6
BRDA:48,3,0,16
BRDA:48,3,1,0
BRDA:48,4,0,10
BRDA:48,4,1,6
BRDA:58,5,0,19
BRDA:58,5,1,9
BRDA:58,6,0,13
BRDA:58,6,1,6
BRDA:59,7,0,9
BRDA:59,7,1,0
BRDA:59,8,0,3
BRDA:59,8,1,6
BRDA:71,9,0,1
BRDA:71,9,1,1
BRDA:79,10,0,1
BRDA:79,10,1,0
BRDA:81,11,0,0
BRDA:81,11,1,0
BRDA:91,12,0,0
BRDA:91,12,1,0
BRDA:93,13,0,0
BRDA:93,13,1,0
BRF:28
BRH:19
end_of_record
TN:
SF:/home/alan/Cloud/workspaces/HMCTS/rpa-jui-webapp/src/app/shared/components/hmcts-annotation-ui-lib/data/js-wrapper/pdf-annotate-wrapper.ts
FN:3,(anonymous_0)
FN:5,(anonymous_2)
FN:9,(anonymous_3)
FN:13,(anonymous_4)
FN:17,(anonymous_5)
FN:21,(anonymous_6)
FN:29,(anonymous_7)
FN:33,(anonymous_8)
FNF:8
FNH:1
FNDA:8,(anonymous_0)
FNDA:0,(anonymous_2)
FNDA:0,(anonymous_3)
FNDA:0,(anonymous_4)
FNDA:0,(anonymous_5)
FNDA:0,(anonymous_6)
FNDA:0,(anonymous_7)
FNDA:0,(anonymous_8)
DA:3,1
DA:5,1
DA:6,0
DA:9,1
DA:10,0
DA:13,1
DA:14,0
DA:17,1
DA:18,0
DA:21,1
DA:22,0
DA:23,0
DA:25,0
DA:29,1
DA:30,0
DA:33,1
DA:34,0
DA:36,1
LF:18
LH:9
BRDA:22,0,0,0
BRDA:22,0,1,0
BRF:2
BRH:0
end_of_record
TN:
SF:/home/alan/Cloud/workspaces/HMCTS/rpa-jui-webapp/src/app/shared/components/hmcts-annotation-ui-lib/data/js-wrapper/pdf-wrapper.ts
FN:3,(anonymous_0)
FN:5,(anonymous_2)
FN:9,(anonymous_3)
FNF:3
FNH:1
FNDA:8,(anonymous_0)
FNDA:0,(anonymous_2)
FNDA:0,(anonymous_3)
DA:3,1
DA:5,1
DA:6,0
DA:9,1
DA:10,0
DA:12,1
LF:6
LH:4
BRF:0
BRH:0
end_of_record
TN:
SF:/home/alan/Cloud/workspaces/HMCTS/rpa-jui-webapp/src/app/shared/components/inputs/inputs.component.ts
FN:9,(anonymous_2)
FNF:1
FNH:1
FNDA:1,(anonymous_2)
DA:1,1
DA:2,1
DA:9,1
DA:10,1
DA:11,1
DA:12,1
DA:13,1
DA:14,1
DA:17,1
LF:9
LH:9
BRF:0
BRH:0
end_of_record
TN:
SF:/home/alan/Cloud/workspaces/HMCTS/rpa-jui-webapp/src/app/shared/components/jui-form-elements/jui-form-elements.component.ts
FN:9,(anonymous_2)
FNF:1
FNH:1
FNDA:1,(anonymous_2)
DA:1,1
DA:2,1
DA:9,1
DA:10,1
DA:11,1
DA:12,1
DA:13,1
LF:7
LH:7
BRF:0
BRH:0
end_of_record
TN:
SF:/home/alan/Cloud/workspaces/HMCTS/rpa-jui-webapp/src/app/shared/components/label/label.component.ts
FN:9,(anonymous_2)
FN:15,LabelComponent
FNF:2
FNH:2
FNDA:1,(anonymous_2)
FNDA:1,LabelComponent
DA:1,1
DA:9,1
DA:10,2
DA:11,2
DA:12,1
DA:13,1
DA:16,1
LF:7
LH:7
BRF:0
BRH:0
end_of_record
TN:
SF:/home/alan/Cloud/workspaces/HMCTS/rpa-jui-webapp/src/app/shared/components/legend/legend.component.ts
FN:8,(anonymous_2)
FNF:1
FNH:1
FNDA:2,(anonymous_2)
DA:1,1
DA:8,1
DA:9,1
DA:10,1
LF:4
LH:4
BRF:0
BRH:0
end_of_record
TN:
SF:/home/alan/Cloud/workspaces/HMCTS/rpa-jui-webapp/src/app/shared/components/question/question.component.ts
FN:9,(anonymous_2)
FN:3,QuestionComponent
FN:12,(anonymous_4)
FN:16,(anonymous_5)
FN:17,(anonymous_6)
FNF:5
FNH:5
FNDA:1,(anonymous_2)
FNDA:19,QuestionComponent
FNDA:19,(anonymous_4)
FNDA:19,(anonymous_5)
FNDA:19,(anonymous_6)
DA:1,1
DA:9,1
DA:10,20
DA:12,1
DA:13,19
DA:16,19
DA:17,19
DA:18,19
DA:22,1
LF:9
LH:9
BRDA:18,0,0,19
BRDA:18,0,1,16
BRDA:18,1,0,16
BRDA:18,1,1,8
BRF:4
BRH:4
end_of_record
TN:
SF:/home/alan/Cloud/workspaces/HMCTS/rpa-jui-webapp/src/app/shared/components/question-list/question-list.component.ts
FN:8,(anonymous_2)
FN:12,QuestionListComponent
FNF:2
FNH:2
FNDA:1,(anonymous_2)
FNDA:16,QuestionListComponent
DA:1,1
DA:8,1
DA:10,17
DA:14,1
LF:4
LH:4
BRF:0
BRH:0
end_of_record
TN:
SF:/home/alan/Cloud/workspaces/HMCTS/rpa-jui-webapp/src/app/shared/components/radiobutton/radiobutton.component.ts
FN:9,(anonymous_2)
FN:19,RadiobuttonComponent
FNF:2
FNH:1
FNDA:1,(anonymous_2)
FNDA:0,RadiobuttonComponent
DA:1,1
DA:2,1
DA:9,1
DA:10,1
DA:11,1
DA:12,1
DA:13,1
DA:14,1
DA:15,1
DA:16,1
DA:17,1
DA:21,1
LF:12
LH:12
BRF:0
BRH:0
end_of_record
TN:
SF:/home/alan/Cloud/workspaces/HMCTS/rpa-jui-webapp/src/app/shared/components/status/status.component.ts
FN:8,(anonymous_2)
FN:13,StatusComponent
FNF:2
FNH:2
FNDA:1,(anonymous_2)
FNDA:21,StatusComponent
DA:1,1
DA:8,1
DA:10,22
DA:11,22
DA:16,1
LF:5
LH:5
BRF:0
BRH:0
end_of_record
TN:
SF:/home/alan/Cloud/workspaces/HMCTS/rpa-jui-webapp/src/app/shared/components/table/table.component.ts
FN:9,(anonymous_2)
FN:4,TableComponent
FN:18,(anonymous_4)
FN:19,(anonymous_5)
FN:30,(anonymous_6)
FNF:5
FNH:5
FNDA:1,(anonymous_2)
FNDA:4,TableComponent
FNDA:28,(anonymous_4)
FNDA:72,(anonymous_5)
FNDA:3,(anonymous_6)
DA:1,1
DA:9,1
DA:11,1
DA:13,4
DA:18,1
DA:19,72
DA:21,28
DA:22,28
DA:24,28
DA:25,28
DA:27,28
DA:30,1
DA:31,3
DA:33,1
LF:14
LH:14
BRF:0
BRH:0
end_of_record
TN:
SF:/home/alan/Cloud/workspaces/HMCTS/rpa-jui-webapp/src/app/shared/components/table/mock/table.mock.ts
FNF:0
FNH:0
DA:19,1
DA:111,1
DA:128,1
DA:145,1
DA:152,1
LF:5
LH:5
BRF:0
BRH:0
end_of_record
TN:
SF:/home/alan/Cloud/workspaces/HMCTS/rpa-jui-webapp/src/app/shared/components/tabs/tabs.component.ts
FN:9,(anonymous_2)
FN:17,TabsComponent
FN:18,(anonymous_4)
FN:22,(anonymous_5)
FN:28,(anonymous_6)
FN:35,(anonymous_7)
FNF:6
FNH:6
FNDA:1,(anonymous_2)
FNDA:1,TabsComponent
FNDA:1,(anonymous_4)
FNDA:1,(anonymous_5)
FNDA:1,(anonymous_6)
FNDA:3,(anonymous_7)
DA:1,1
DA:2,1
DA:9,1
DA:11,1
DA:17,1
DA:18,1
DA:19,1
DA:20,1
DA:22,1
DA:23,1
DA:24,1
DA:28,1
DA:29,1
DA:30,1
DA:31,0
DA:35,1
DA:36,3
DA:37,2
DA:38,2
DA:39,1
DA:44,1
LF:21
LH:20
BRDA:30,0,0,0
BRDA:30,0,1,1
BRDA:36,1,0,1
BRDA:36,1,1,2
BRDA:38,2,0,1
BRDA:38,2,1,1
BRF:6
BRH:5
end_of_record
TN:
SF:/home/alan/Cloud/workspaces/HMCTS/rpa-jui-webapp/src/app/shared/components/textareas/textareas.component.ts
FN:17,(anonymous_2)
FN:31,TextareasComponent
FN:44,(anonymous_4)
FN:54,(anonymous_5)
FNF:4
FNH:1
FNDA:1,(anonymous_2)
FNDA:0,TextareasComponent
FNDA:0,(anonymous_4)
FNDA:0,(anonymous_5)
DA:1,1
DA:2,1
DA:3,1
DA:17,1
DA:18,1
DA:19,1
DA:20,1
DA:21,1
DA:22,1
DA:23,1
DA:24,1
DA:25,1
DA:26,1
DA:27,1
DA:28,1
DA:29,1
DA:31,0
DA:44,1
DA:46,0
DA:54,1
DA:55,0
DA:57,1
LF:22
LH:19
BRDA:46,0,0,0
BRDA:46,0,1,0
BRF:2
BRH:0
end_of_record
TN:
SF:/home/alan/Cloud/workspaces/HMCTS/rpa-jui-webapp/src/app/shared/components/timeline/timeline.component.ts
FN:8,(anonymous_2)
FN:3,TimelineComponent
FN:12,(anonymous_4)
FNF:3
FNH:2
FNDA:1,(anonymous_2)
FNDA:1,TimelineComponent
FNDA:0,(anonymous_4)
DA:1,1
DA:8,1
DA:9,2
DA:10,1
DA:12,1
DA:13,0
DA:14,0
DA:15,0
DA:19,1
LF:9
LH:6
BRDA:13,0,0,0
BRDA:13,0,1,0
BRDA:14,1,0,0
BRDA:14,1,1,0
BRF:4
BRH:0
end_of_record
TN:
SF:/home/alan/Cloud/workspaces/HMCTS/rpa-jui-webapp/src/app/shared/components/timeline/mock/timeline.mock.ts
FNF:0
FNH:0
DA:1,1
LF:1
LH:1
BRF:0
BRH:0
end_of_record
TN:
SF:/home/alan/Cloud/workspaces/HMCTS/rpa-jui-webapp/src/app/shared/components/validation-error-formcontrol/validation-error-formcontrol.component.ts
FN:16,(anonymous_2)
FN:20,ValidationErrorFormControlComponent
FN:33,(anonymous_4)
FNF:3
FNH:1
FNDA:1,(anonymous_2)
FNDA:0,ValidationErrorFormControlComponent
FNDA:0,(anonymous_4)
DA:1,1
DA:2,1
DA:3,1
DA:16,1
DA:17,1
DA:18,1
DA:20,0
DA:33,1
DA:34,0
DA:36,1
LF:10
LH:8
BRF:0
BRH:0
end_of_record
TN:
SF:/home/alan/Cloud/workspaces/HMCTS/rpa-jui-webapp/src/app/shared/components/validation-error-formgroup/validation-error-formgroup.component.ts
FN:24,(anonymous_2)
FN:28,ValidationErrorFormGroupComponent
FN:43,(anonymous_4)
FNF:3
FNH:1
FNDA:1,(anonymous_2)
FNDA:0,ValidationErrorFormGroupComponent
FNDA:0,(anonymous_4)
DA:1,1
DA:2,1
DA:3,1
DA:24,1
DA:25,1
DA:26,1
DA:28,0
DA:43,1
DA:44,0
DA:46,1
LF:10
LH:8
BRF:0
BRH:0
end_of_record
TN:
SF:/home/alan/Cloud/workspaces/HMCTS/rpa-jui-webapp/src/app/shared/components/validation-header/validation-header.component.ts
FN:16,(anonymous_2)
FN:44,ValidationHeaderComponent
FN:53,(anonymous_4)
FN:64,(anonymous_5)
FN:84,(anonymous_6)
FNF:5
FNH:1
FNDA:1,(anonymous_2)
FNDA:0,ValidationHeaderComponent
FNDA:0,(anonymous_4)
FNDA:0,(anonymous_5)
FNDA:0,(anonymous_6)
DA:1,1
DA:2,1
DA:3,1
DA:16,1
DA:17,1
DA:18,1
DA:21,1
DA:22,1
DA:25,0
DA:26,0
DA:42,1
DA:44,0
DA:53,1
DA:54,0
DA:64,1
DA:65,0
DA:84,1
DA:85,0
DA:87,1
LF:19
LH:13
BRF:0
BRH:0
end_of_record
TN:
SF:/home/alan/Cloud/workspaces/HMCTS/rpa-jui-webapp/src/app/shared/pipes/array-reverse/reverse.pipe.ts
FN:6,(anonymous_1)
FN:8,(anonymous_3)
FNF:2
FNH:1
FNDA:1,(anonymous_1)
FNDA:0,(anonymous_3)
DA:1,1
DA:6,1
DA:8,1
DA:9,0
DA:11,0
DA:13,1
LF:6
LH:4
BRDA:9,0,0,0
BRDA:9,0,1,0
BRF:2
BRH:0
end_of_record
TN:
SF:/home/alan/Cloud/workspaces/HMCTS/rpa-jui-webapp/src/app/shared/pipes/case-status-goto/case.status.goto.ts
FN:6,(anonymous_1)
FN:8,(anonymous_3)
FNF:2
FNH:2
FNDA:7,(anonymous_1)
FNDA:2,(anonymous_3)
DA:1,1
DA:6,1
DA:8,1
DA:9,2
DA:10,2
DA:12,1
LF:6
LH:6
BRDA:9,0,0,1
BRDA:9,0,1,1
BRF:2
BRH:2
end_of_record
TN:
SF:/home/alan/Cloud/workspaces/HMCTS/rpa-jui-webapp/src/app/shared/services/forms.service.ts
FN:8,(anonymous_2)
FN:11,FormsService
FN:29,(anonymous_4)
FN:82,(anonymous_5)
FN:92,(anonymous_6)
FNF:5
FNH:2
FNDA:1,(anonymous_2)
FNDA:1,FormsService
FNDA:0,(anonymous_4)
FNDA:0,(anonymous_5)
FNDA:0,(anonymous_6)
DA:1,1
DA:2,1
DA:3,1
DA:8,1
DA:9,1
DA:11,1
DA:29,1
DA:30,0
DA:33,0
DA:34,0
DA:36,0
DA:38,0
DA:39,0
DA:40,0
DA:41,0
DA:43,0
DA:44,0
DA:45,0
DA:46,0
DA:47,0
DA:49,0
DA:53,0
DA:56,0
DA:58,0
DA:60,0
DA:64,0
DA:67,0
DA:68,0
DA:69,0
DA:70,0
DA:82,1
DA:84,0
DA:85,0
DA:86,0
DA:89,0
DA:92,1
DA:93,0
DA:94,0
DA:96,1
LF:39
LH:10
BRDA:30,0,0,0
BRDA:30,0,1,0
BRDA:38,1,0,0
BRDA:38,1,1,0
BRDA:41,2,0,0
BRDA:41,2,1,0
BRDA:43,3,0,0
BRDA:43,3,1,0
BRDA:45,4,0,0
BRDA:45,4,1,0
BRDA:56,5,0,0
BRDA:56,5,1,0
BRDA:67,6,0,0
BRDA:67,6,1,0
BRDA:67,7,0,0
BRDA:67,7,1,0
BRDA:84,8,0,0
BRDA:84,8,1,0
BRF:18
BRH:0
end_of_record
TN:
SF:/home/alan/Cloud/workspaces/HMCTS/rpa-jui-webapp/src/app/shared/services/validation.service.ts
FN:9,(anonymous_2)
FN:31,ValidationService
FN:41,(anonymous_4)
FN:60,(anonymous_5)
FN:64,(anonymous_6)
FN:89,(anonymous_7)
FN:106,(anonymous_8)
FN:132,(anonymous_9)
FN:162,(anonymous_10)
FN:164,(anonymous_11)
FN:189,(anonymous_12)
FN:192,(anonymous_13)
FN:228,(anonymous_14)
FN:230,(anonymous_15)
FN:253,(anonymous_16)
FNF:15
FNH:4
FNDA:1,(anonymous_2)
FNDA:4,ValidationService
FNDA:0,(anonymous_4)
FNDA:0,(anonymous_5)
FNDA:0,(anonymous_6)
FNDA:0,(anonymous_7)
FNDA:0,(anonymous_8)
FNDA:0,(anonymous_9)
FNDA:1,(anonymous_10)
FNDA:0,(anonymous_11)
FNDA:0,(anonymous_12)
FNDA:0,(anonymous_13)
FNDA:0,(anonymous_14)
FNDA:0,(anonymous_15)
FNDA:1,(anonymous_16)
DA:1,1
DA:3,1
DA:9,1
DA:20,4
DA:41,1
DA:42,0
DA:60,1
DA:62,0
DA:64,0
DA:65,0
DA:66,0
DA:67,0
DA:72,0
DA:89,1
DA:91,0
DA:106,1
DA:108,0
DA:132,1
DA:134,0
DA:135,0
DA:137,0
DA:162,1
DA:164,1
DA:166,0
DA:167,0
DA:168,0
DA:172,0
DA:177,1
DA:189,1
DA:192,0
DA:194,0
DA:195,0
DA:198,0
DA:199,0
DA:202,0
DA:207,0
DA:228,1
DA:230,0
DA:232,0
DA:234,0
DA:253,1
DA:256,1
DA:258,1
LF:43
LH:17
BRDA:66,0,0,0
BRDA:66,0,1,0
BRDA:91,1,0,0
BRDA:91,1,1,0
BRDA:134,2,0,0
BRDA:134,2,1,0
BRDA:134,3,0,0
BRDA:134,3,1,0
BRDA:167,4,0,0
BRDA:167,4,1,0
BRDA:194,5,0,0
BRDA:194,5,1,0
BRDA:198,6,0,0
BRDA:198,6,1,0
BRF:14
BRH:0
end_of_record
TN:
SF:/home/alan/Cloud/workspaces/HMCTS/rpa-jui-webapp/src/app/shared/services/documentStore/document-store.service.ts
FN:9,(anonymous_2)
FN:11,DocumentStoreService
FN:13,(anonymous_4)
FN:20,(anonymous_5)
FN:26,(anonymous_6)
FN:34,(anonymous_7)
FN:38,(anonymous_8)
FN:42,(anonymous_9)
FNF:8
FNH:1
FNDA:1,(anonymous_2)
FNDA:0,DocumentStoreService
FNDA:0,(anonymous_4)
FNDA:0,(anonymous_5)
FNDA:0,(anonymous_6)
FNDA:0,(anonymous_7)
FNDA:0,(anonymous_8)
FNDA:0,(anonymous_9)
DA:1,1
DA:2,1
DA:3,1
DA:4,1
DA:9,1
DA:11,0
DA:13,1
DA:14,0
DA:15,0
DA:16,0
DA:20,1
DA:21,0
DA:22,0
DA:23,0
DA:25,0
DA:26,0
DA:27,0
DA:28,0
DA:31,0
DA:34,1
DA:35,0
DA:38,1
DA:39,0
DA:42,1
DA:43,0
DA:48,1
LF:26
LH:11
BRDA:25,0,0,0
BRDA:25,0,1,0
BRF:2
BRH:0
end_of_record
